TN:
SF:src/app/App.tsx
FN:11,App
FN:12,(anonymous_1)
FN:13,(anonymous_2)
FN:16,(anonymous_3)
FN:28,(anonymous_4)
FN:33,(anonymous_5)
FN:34,(anonymous_6)
FN:35,(anonymous_7)
FN:51,(anonymous_8)
FN:52,(anonymous_9)
FN:52,(anonymous_10)
FN:57,(anonymous_11)
FN:58,(anonymous_12)
FN:58,(anonymous_13)
FN:61,(anonymous_14)
FN:62,(anonymous_15)
FN:62,(anonymous_16)
FNF:17
FNH:11
FNDA:8,App
FNDA:13,(anonymous_1)
FNDA:13,(anonymous_2)
FNDA:4,(anonymous_3)
FNDA:2,(anonymous_4)
FNDA:1,(anonymous_5)
FNDA:1,(anonymous_6)
FNDA:1,(anonymous_7)
FNDA:1,(anonymous_8)
FNDA:1,(anonymous_9)
FNDA:1,(anonymous_10)
FNDA:0,(anonymous_11)
FNDA:0,(anonymous_12)
FNDA:0,(anonymous_13)
FNDA:0,(anonymous_14)
FNDA:0,(anonymous_15)
FNDA:0,(anonymous_16)
DA:12,13
DA:13,13
DA:15,8
DA:16,8
DA:28,8
DA:29,2
DA:30,2
DA:33,8
DA:34,1
DA:35,1
DA:36,1
DA:48,1
DA:51,8
DA:52,1
DA:53,1
DA:54,1
DA:57,8
DA:58,0
DA:61,8
DA:62,0
DA:63,0
DA:64,0
DA:68,8
DA:69,5
DA:80,3
LF:25
LH:21
BRDA:36,0,0,1
BRDA:36,0,1,0
BRDA:62,1,0,0
BRDA:62,1,1,0
BRDA:63,2,0,0
BRDA:63,2,1,0
BRDA:68,3,0,5
BRDA:68,3,1,3
BRF:8
BRH:3
end_of_record
TN:
SF:src/entities/font/BitmapText.tsx
FN:24,BitmapText
FN:60,(anonymous_1)
FN:78,buildTextRuns
FNF:3
FNH:3
FNDA:17,BitmapText
FNDA:532,(anonymous_1)
FNDA:17,buildTextRuns
DA:33,17
DA:34,17
DA:35,17
DA:36,17
DA:37,1
DA:38,16
DA:39,0
DA:41,17
DA:42,17
DA:43,17
DA:44,0
DA:45,0
DA:47,17
DA:49,17
DA:61,532
DA:79,17
DA:80,17
DA:81,17
DA:82,84
DA:83,84
DA:84,84
DA:85,0
DA:86,0
DA:89,84
DA:90,588
DA:91,588
DA:92,2940
DA:93,2940
DA:94,532
DA:95,2408
DA:96,532
DA:102,532
DA:105,588
DA:106,0
DA:115,84
DA:117,17
LF:36
LH:30
BRDA:28,0,0,17
BRDA:29,1,0,17
BRDA:36,2,0,1
BRDA:36,2,1,16
BRDA:38,3,0,0
BRDA:38,3,1,16
BRDA:42,4,0,17
BRDA:42,4,1,0
BRDA:44,5,0,0
BRDA:44,5,1,0
BRDA:82,6,0,84
BRDA:82,6,1,0
BRDA:84,7,0,0
BRDA:84,7,1,84
BRDA:93,8,0,532
BRDA:93,8,1,2408
BRDA:93,9,0,2940
BRDA:93,9,1,769
BRDA:95,10,0,532
BRDA:95,10,1,1876
BRDA:95,11,0,2408
BRDA:95,11,1,2171
BRDA:105,12,0,0
BRDA:105,12,1,588
BRF:24
BRH:17
end_of_record
TN:
SF:src/entities/font/fontLibrary.ts
FN:14,getFontFaces
FN:18,getFontFamilyOptions
FN:27,(anonymous_2)
FN:30,(anonymous_3)
FN:32,(anonymous_4)
FN:35,getFontSizes
FN:38,(anonymous_6)
FN:39,(anonymous_7)
FN:40,(anonymous_8)
FN:40,(anonymous_9)
FN:41,(anonymous_10)
FN:44,findFontFace
FN:51,(anonymous_12)
FN:57,(anonymous_13)
FN:58,(anonymous_14)
FN:62,(anonymous_15)
FN:64,(anonymous_16)
FN:66,(anonymous_17)
FN:69,(anonymous_18)
FN:72,normalizeFontStyle
FN:79,findGlyph
FN:88,glyphPixelOn
FN:94,measureTextWidth
FNF:23
FNH:21
FNDA:2,getFontFaces
FNDA:22,getFontFamilyOptions
FNDA:198,(anonymous_2)
FNDA:506,(anonymous_3)
FNDA:176,(anonymous_4)
FNDA:32,getFontSizes
FNDA:2080,(anonymous_6)
FNDA:288,(anonymous_7)
FNDA:0,(anonymous_8)
FNDA:0,(anonymous_9)
FNDA:224,(anonymous_10)
FNDA:116,findFontFace
FNDA:1,(anonymous_12)
FNDA:7475,(anonymous_13)
FNDA:1026,(anonymous_14)
FNDA:221,(anonymous_15)
FNDA:16,(anonymous_16)
FNDA:56,(anonymous_17)
FNDA:2,(anonymous_18)
FNDA:156,normalizeFontStyle
FNDA:174,findGlyph
FNDA:2942,glyphPixelOn
FNDA:19,measureTextWidth
DA:4,20
DA:5,20
DA:6,20
DA:15,2
DA:19,22
DA:20,22
DA:21,1430
DA:22,1430
DA:23,1430
DA:24,1430
DA:26,22
DA:27,198
DA:30,506
DA:32,176
DA:36,32
DA:37,32
DA:38,2080
DA:39,288
DA:40,32
DA:41,224
DA:50,116
DA:51,1
DA:52,1
DA:55,115
DA:56,116
DA:57,7475
DA:58,1026
DA:59,116
DA:60,116
DA:61,114
DA:62,221
DA:63,107
DA:64,16
DA:66,56
DA:69,2
DA:73,156
DA:74,153
DA:75,152
DA:76,149
DA:80,174
DA:81,348
DA:82,174
DA:85,0
DA:89,2942
DA:90,2940
DA:91,2940
DA:95,19
DA:96,19
DA:97,89
DA:98,89
DA:100,19
LF:51
LH:50
BRDA:21,0,0,1430
BRDA:21,0,1,198
BRDA:38,1,0,2080
BRDA:38,1,1,288
BRDA:40,2,0,32
BRDA:40,2,1,0
BRDA:50,3,0,1
BRDA:50,3,1,115
BRDA:52,4,0,1
BRDA:52,4,1,0
BRDA:55,5,0,115
BRDA:55,5,1,4
BRDA:59,6,0,114
BRDA:59,6,1,1
BRDA:60,7,0,114
BRDA:60,7,1,2
BRDA:61,8,0,107
BRDA:61,8,1,7
BRDA:63,9,0,106
BRDA:63,9,1,1
BRDA:69,10,0,1
BRDA:69,10,1,0
BRDA:73,11,0,3
BRDA:73,11,1,153
BRDA:73,12,0,156
BRDA:73,12,1,155
BRDA:73,12,2,154
BRDA:74,13,0,1
BRDA:74,13,1,152
BRDA:75,14,0,3
BRDA:75,14,1,149
BRDA:75,15,0,152
BRDA:75,15,1,151
BRDA:75,15,2,150
BRDA:81,16,0,174
BRDA:81,16,1,174
BRDA:81,17,0,348
BRDA:81,17,1,348
BRDA:89,18,0,2
BRDA:89,18,1,2940
BRDA:89,19,0,2942
BRDA:89,19,1,2941
BRDA:89,19,2,2941
BRDA:89,19,3,2940
BRDA:97,20,0,89
BRDA:97,20,1,0
BRDA:98,21,0,89
BRDA:98,21,1,0
BRF:48
BRH:43
end_of_record
TN:
SF:src/entities/font/fontTypes.ts
FNF:0
FNH:0
LF:0
LH:0
BRF:0
BRH:0
end_of_record
TN:
SF:src/entities/icon/iconLibrary.tsx
FN:4,(anonymous_0)
FN:8,getIconDefinition
FN:13,IconGlyph
FNF:3
FNH:3
FNDA:5092,(anonymous_0)
FNDA:297,getIconDefinition
FNDA:272,IconGlyph
DA:4,5092
DA:9,297
DA:10,295
DA:13,19
DA:26,272
DA:27,272
DA:28,272
DA:32,272
DA:33,272
DA:34,3988
DA:35,3988
DA:36,61596
DA:37,61596
DA:38,18354
DA:43,272
LF:15
LH:15
BRDA:9,0,0,2
BRDA:9,0,1,295
BRDA:15,1,0,272
BRDA:27,2,0,0
BRDA:27,2,1,272
BRDA:28,3,0,1
BRDA:28,3,1,271
BRDA:34,4,0,3988
BRDA:34,4,1,0
BRDA:37,5,0,18354
BRDA:37,5,1,43242
BRDA:48,6,0,272
BRDA:48,6,1,272
BRF:13
BRH:11
end_of_record
TN:
SF:src/entities/icon/iconLibraryData.ts
FN:337,getIconCategory
FN:342,(anonymous_1)
FN:352,(anonymous_2)
FNF:3
FNH:3
FNDA:5092,getIconCategory
FNDA:5092,(anonymous_1)
FNDA:266,(anonymous_2)
DA:9,19
DA:280,19
DA:291,19
DA:338,5092
DA:341,19
DA:343,5092
DA:344,5092
DA:345,5092
DA:346,4940
DA:348,152
DA:350,5092
DA:354,266
LF:12
LH:12
BRDA:338,0,0,5092
BRDA:338,0,1,874
BRDA:345,1,0,4940
BRDA:345,1,1,152
BRF:4
BRH:4
end_of_record
TN:
SF:src/entities/icon/iconSizing.ts
FN:7,getResolvedIconDefinition
FN:11,getIconScaleForFrame
FN:15,normalizeIconFrame
FN:41,normalizeIconNodeFrame
FNF:4
FNH:4
FNDA:21,getResolvedIconDefinition
FNDA:4,getIconScaleForFrame
FNDA:6,normalizeIconFrame
FNDA:5,normalizeIconNodeFrame
DA:5,18
DA:8,21
DA:12,4
DA:25,6
DA:27,6
DA:29,6
DA:30,6
DA:31,6
DA:32,6
DA:33,6
DA:34,6
DA:35,6
DA:36,6
DA:38,6
DA:42,5
DA:43,5
LF:16
LH:16
BRDA:8,0,0,21
BRDA:8,0,1,3
BRDA:18,1,0,6
BRDA:27,2,0,5
BRDA:27,2,1,1
BRDA:29,3,0,5
BRDA:29,3,1,1
BRDA:35,4,0,1
BRDA:35,4,1,5
BRDA:36,5,0,1
BRDA:36,5,1,5
BRDA:42,6,0,5
BRDA:42,6,1,0
BRDA:43,7,0,2
BRDA:43,7,1,3
BRF:15
BRH:14
end_of_record
TN:
SF:src/entities/ui-project/defaults.ts
FN:17,defaultLayout
FN:21,defaultProps
FN:53,emptyProject
FN:88,makeWidget
FNF:4
FNH:4
FNDA:179,defaultLayout
FNDA:42,defaultProps
FNDA:142,emptyProject
FNDA:34,makeWidget
DA:18,179
DA:22,42
DA:24,2
DA:26,4
DA:28,25
DA:30,5
DA:43,2
DA:45,1
DA:47,2
DA:49,1
DA:59,142
DA:60,142
DA:89,34
LF:13
LH:13
BRDA:17,0,0,179
BRDA:22,1,0,2
BRDA:22,1,1,4
BRDA:22,1,2,25
BRDA:22,1,3,5
BRDA:22,1,4,2
BRDA:22,1,5,1
BRDA:22,1,6,2
BRDA:22,1,7,1
BRDA:94,2,0,3
BRDA:94,2,1,31
BRDA:97,3,0,24
BRDA:97,3,1,10
BRDA:98,4,0,1
BRDA:98,4,1,33
BRDA:101,5,0,4
BRDA:101,5,1,30
BRDA:101,6,0,34
BRDA:101,6,1,31
BRF:19
BRH:19
end_of_record
TN:
SF:src/entities/ui-project/ids.ts
FN:10,isValidId
FN:14,assertValidId
FN:23,nextId
FNF:3
FNH:3
FNDA:76,isValidId
FNDA:28,assertValidId
FNDA:25,nextId
DA:8,17
DA:11,76
DA:15,28
DA:16,4
DA:24,25
DA:25,25
DA:26,25
DA:27,27
DA:28,27
DA:30,0
LF:10
LH:9
BRDA:15,0,0,4
BRDA:15,0,1,24
BRDA:28,1,0,23
BRDA:28,1,1,4
BRF:4
BRH:4
end_of_record
TN:
SF:src/entities/ui-project/index.ts
FNF:0
FNH:0
LF:0
LH:0
BRF:0
BRH:0
end_of_record
TN:
SF:src/entities/ui-project/schema.ts
FNF:0
FNH:0
DA:9,27
DA:11,27
DA:22,27
DA:24,27
DA:32,27
DA:34,27
LF:6
LH:6
BRF:0
BRH:0
end_of_record
TN:
SF:src/entities/ui-project/types.ts
FNF:0
FNH:0
LF:0
LH:0
BRF:0
BRH:0
end_of_record
TN:
SF:src/entities/ui-project/validate.ts
FN:15,validateProject
FN:39,(anonymous_1)
FN:56,validateWidget
FN:74,(anonymous_3)
FNF:4
FNH:4
FNDA:19,validateProject
FNDA:13,(anonymous_1)
FNDA:20,validateWidget
FNDA:7,(anonymous_3)
DA:16,19
DA:17,19
DA:18,4
DA:20,15
DA:22,15
DA:23,2
DA:28,15
DA:29,2
DA:31,15
DA:32,2
DA:34,15
DA:35,2
DA:38,15
DA:39,15
DA:40,13
DA:41,1
DA:43,13
DA:46,19
DA:47,2
DA:53,15
DA:62,20
DA:63,2
DA:64,18
DA:65,1
DA:67,17
DA:70,20
DA:71,1
DA:74,20
DA:75,7
LF:29
LH:29
BRDA:17,0,0,4
BRDA:17,0,1,15
BRDA:17,1,0,19
BRDA:17,1,1,17
BRDA:22,2,0,2
BRDA:22,2,1,13
BRDA:28,3,0,2
BRDA:28,3,1,13
BRDA:28,4,0,15
BRDA:28,4,1,14
BRDA:31,5,0,2
BRDA:31,5,1,13
BRDA:31,6,0,15
BRDA:31,6,1,14
BRDA:31,6,2,13
BRDA:34,7,0,2
BRDA:34,7,1,13
BRDA:34,8,0,15
BRDA:34,8,1,14
BRDA:39,9,0,15
BRDA:39,9,1,1
BRDA:40,10,0,1
BRDA:40,10,1,12
BRDA:46,11,0,2
BRDA:46,11,1,17
BRDA:46,12,0,19
BRDA:46,12,1,14
BRDA:62,13,0,2
BRDA:62,13,1,18
BRDA:62,14,0,20
BRDA:62,14,1,20
BRDA:64,15,0,1
BRDA:64,15,1,17
BRDA:70,16,0,1
BRDA:70,16,1,19
BRDA:74,17,0,20
BRDA:74,17,1,6
BRF:37
BRH:37
end_of_record
TN:
SF:src/entities/ui-project/lib/color.ts
FN:15,resolveColor
FN:22,(anonymous_1)
FNF:2
FNH:2
FNDA:79,resolveColor
FNDA:49,(anonymous_1)
DA:3,8
DA:20,79
DA:21,74
DA:22,54
DA:23,79
DA:24,5
LF:6
LH:6
BRDA:18,0,0,79
BRDA:20,1,0,5
BRDA:20,1,1,74
BRDA:21,2,0,20
BRDA:21,2,1,54
BRDA:22,3,0,54
BRDA:22,3,1,3
BRDA:23,4,0,49
BRDA:23,4,1,30
BRDA:24,5,0,5
BRDA:24,5,1,1
BRF:11
BRH:11
end_of_record
TN:
SF:src/entities/ui-project/lib/layoutEngine.ts
FN:22,layoutTree
FN:28,layoutChildren
FN:35,(anonymous_2)
FN:103,absoluteChildRect
FNF:4
FNH:4
FNDA:114,layoutTree
FNDA:140,layoutChildren
FNDA:18,(anonymous_2)
FNDA:18,absoluteChildRect
DA:23,114
DA:24,114
DA:25,114
DA:29,140
DA:30,140
DA:31,140
DA:32,140
DA:34,24
DA:35,18
DA:36,18
DA:37,18
DA:45,6
DA:46,140
DA:47,140
DA:48,140
DA:49,140
DA:50,140
DA:52,140
DA:53,140
DA:54,140
DA:55,140
DA:57,140
DA:58,140
DA:60,140
DA:61,8
DA:62,8
DA:63,8
DA:64,8
DA:66,8
DA:67,8
DA:68,8
DA:70,1
DA:71,1
DA:73,1
DA:74,1
DA:78,6
DA:82,8
DA:96,8
DA:97,8
DA:100,6
DA:104,18
DA:105,18
LF:42
LH:42
BRDA:23,0,0,114
BRDA:23,0,1,105
BRDA:30,1,0,140
BRDA:30,1,1,2
BRDA:31,2,0,140
BRDA:31,2,1,25
BRDA:32,3,0,116
BRDA:32,3,1,24
BRDA:34,4,0,18
BRDA:34,4,1,6
BRDA:45,5,0,6
BRDA:45,5,1,0
BRDA:46,6,0,140
BRDA:46,6,1,0
BRDA:47,7,0,5
BRDA:47,7,1,1
BRDA:48,8,0,5
BRDA:48,8,1,1
BRDA:49,9,0,5
BRDA:49,9,1,1
BRDA:50,10,0,5
BRDA:50,10,1,1
BRDA:57,11,0,5
BRDA:57,11,1,1
BRDA:62,12,0,8
BRDA:62,12,1,0
BRDA:64,13,0,8
BRDA:64,13,1,0
BRDA:64,14,0,0
BRDA:64,14,1,0
BRDA:66,15,0,6
BRDA:66,15,1,2
BRDA:67,16,0,6
BRDA:67,16,1,2
BRDA:68,17,0,1
BRDA:68,17,1,1
BRDA:68,17,2,1
BRDA:68,17,3,6
BRDA:68,17,4,6
BRDA:68,18,0,8
BRDA:68,18,1,0
BRDA:82,19,0,6
BRDA:82,19,1,2
BRDA:87,20,0,6
BRDA:87,20,1,0
BRDA:87,21,0,1
BRDA:87,21,1,5
BRDA:93,22,0,2
BRDA:93,22,1,0
BRDA:93,23,0,0
BRDA:93,23,1,2
BRDA:104,24,0,18
BRDA:104,24,1,0
BRF:53
BRH:42
end_of_record
TN:
SF:src/entities/ui-project/lib/projectTemplates.ts
FN:15,makeProjectFromTemplate
FN:32,resizeProject
FN:49,scaleNodeFrames
FNF:3
FNH:3
FNDA:47,makeProjectFromTemplate
FNDA:43,resizeProject
FNDA:53,scaleNodeFrames
DA:17,47
DA:25,47
DA:26,47
DA:27,47
DA:33,43
DA:34,43
DA:35,43
DA:36,43
DA:37,43
DA:38,43
DA:40,43
DA:41,43
DA:42,43
DA:43,43
DA:46,43
DA:50,53
DA:51,10
DA:58,53
DA:59,10
LF:19
LH:19
BRDA:17,0,0,1
BRDA:17,0,1,46
BRDA:27,1,0,1
BRDA:27,1,1,46
BRDA:33,2,0,43
BRDA:33,2,1,0
BRDA:34,3,0,43
BRDA:34,3,1,0
BRDA:50,4,0,10
BRDA:50,4,1,43
BRDA:58,5,0,53
BRDA:58,5,1,7
BRF:12
BRH:10
end_of_record
TN:
SF:src/entities/ui-project/model/history.ts
FN:20,snapshotState
FN:28,recordHistory
FNF:2
FNH:2
FNDA:98,snapshotState
FNDA:89,recordHistory
DA:4,10
DA:21,98
DA:31,89
LF:3
LH:3
BRF:0
BRH:0
end_of_record
TN:
SF:src/entities/ui-project/model/store.ts
FN:72,(anonymous_0)
FN:81,(anonymous_1)
FN:83,(anonymous_2)
FN:92,(anonymous_3)
FN:94,(anonymous_4)
FN:96,(anonymous_5)
FN:97,(anonymous_6)
FN:118,(anonymous_7)
FN:121,(anonymous_8)
FN:130,(anonymous_9)
FN:131,(anonymous_10)
FN:145,(anonymous_11)
FN:146,(anonymous_12)
FN:159,(anonymous_13)
FN:161,(anonymous_14)
FN:173,(anonymous_15)
FN:174,(anonymous_16)
FN:186,(anonymous_17)
FN:187,(anonymous_18)
FN:191,(anonymous_19)
FN:199,(anonymous_20)
FN:200,(anonymous_21)
FN:204,(anonymous_22)
FN:213,(anonymous_23)
FN:214,(anonymous_24)
FN:222,(anonymous_25)
FN:233,(anonymous_26)
FN:234,(anonymous_27)
FN:250,(anonymous_28)
FN:251,(anonymous_29)
FN:266,(anonymous_30)
FN:267,(anonymous_31)
FN:275,(anonymous_32)
FN:276,(anonymous_33)
FN:285,(anonymous_34)
FN:286,(anonymous_35)
FN:311,(anonymous_36)
FN:312,(anonymous_37)
FN:328,(anonymous_38)
FN:329,(anonymous_39)
FN:337,(anonymous_40)
FN:339,(anonymous_41)
FN:344,(anonymous_42)
FN:347,(anonymous_43)
FN:362,(anonymous_44)
FN:365,makeWidgetWithFrame
FNF:46
FNH:46
FNDA:9,(anonymous_0)
FNDA:37,(anonymous_1)
FNDA:37,(anonymous_2)
FNDA:1,(anonymous_3)
FNDA:22,(anonymous_4)
FNDA:4,(anonymous_5)
FNDA:4,(anonymous_6)
FNDA:1,(anonymous_7)
FNDA:1,(anonymous_8)
FNDA:6,(anonymous_9)
FNDA:6,(anonymous_10)
FNDA:4,(anonymous_11)
FNDA:4,(anonymous_12)
FNDA:18,(anonymous_13)
FNDA:18,(anonymous_14)
FNDA:6,(anonymous_15)
FNDA:6,(anonymous_16)
FNDA:5,(anonymous_17)
FNDA:5,(anonymous_18)
FNDA:9,(anonymous_19)
FNDA:2,(anonymous_20)
FNDA:2,(anonymous_21)
FNDA:4,(anonymous_22)
FNDA:3,(anonymous_23)
FNDA:3,(anonymous_24)
FNDA:2,(anonymous_25)
FNDA:1,(anonymous_26)
FNDA:1,(anonymous_27)
FNDA:2,(anonymous_28)
FNDA:2,(anonymous_29)
FNDA:10,(anonymous_30)
FNDA:10,(anonymous_31)
FNDA:4,(anonymous_32)
FNDA:4,(anonymous_33)
FNDA:3,(anonymous_34)
FNDA:3,(anonymous_35)
FNDA:2,(anonymous_36)
FNDA:2,(anonymous_37)
FNDA:2,(anonymous_38)
FNDA:2,(anonymous_39)
FNDA:20,(anonymous_40)
FNDA:5,(anonymous_41)
FNDA:4,(anonymous_42)
FNDA:2,(anonymous_43)
FNDA:28,(anonymous_44)
FNDA:18,makeWidgetWithFrame
DA:70,9
DA:72,9
DA:82,37
DA:83,37
DA:92,1
DA:94,22
DA:97,4
DA:98,4
DA:99,2
DA:100,1
DA:101,1
DA:102,1
DA:103,1
DA:104,1
DA:105,1
DA:106,1
DA:107,1
DA:108,1
DA:109,1
DA:110,0
DA:111,0
DA:115,1
DA:119,1
DA:120,1
DA:121,1
DA:131,6
DA:132,6
DA:133,6
DA:134,5
DA:135,5
DA:146,4
DA:147,4
DA:148,4
DA:149,3
DA:160,18
DA:161,18
DA:162,18
DA:163,18
DA:164,18
DA:165,18
DA:166,18
DA:167,18
DA:168,18
DA:170,18
DA:174,6
DA:175,6
DA:176,6
DA:177,6
DA:178,4
DA:187,5
DA:188,5
DA:189,5
DA:190,5
DA:191,9
DA:192,5
DA:193,5
DA:194,5
DA:195,3
DA:196,3
DA:200,2
DA:201,2
DA:202,2
DA:203,2
DA:204,4
DA:205,2
DA:206,2
DA:207,2
DA:208,2
DA:209,2
DA:210,2
DA:214,3
DA:215,3
DA:216,2
DA:217,2
DA:218,2
DA:219,2
DA:220,2
DA:222,2
DA:223,1
DA:224,1
DA:225,1
DA:227,1
DA:228,3
DA:229,3
DA:230,3
DA:234,1
DA:235,1
DA:236,1
DA:237,1
DA:239,1
DA:241,1
DA:242,2
DA:243,2
DA:244,2
DA:247,1
DA:251,2
DA:252,2
DA:253,2
DA:254,2
DA:255,2
DA:256,2
DA:257,1
DA:258,1
DA:259,1
DA:260,1
DA:261,1
DA:262,1
DA:263,1
DA:267,10
DA:268,10
DA:269,10
DA:270,10
DA:271,9
DA:272,9
DA:276,4
DA:277,4
DA:278,4
DA:279,4
DA:280,3
DA:281,4
DA:282,4
DA:286,3
DA:287,3
DA:288,3
DA:289,3
DA:290,2
DA:291,3
DA:292,1
DA:294,2
DA:295,1
DA:296,1
DA:297,1
DA:305,2
DA:306,1
DA:308,2
DA:312,2
DA:313,2
DA:314,2
DA:315,2
DA:316,1
DA:325,2
DA:329,2
DA:330,2
DA:331,2
DA:332,2
DA:333,1
DA:334,2
DA:337,20
DA:340,5
DA:341,5
DA:342,5
DA:343,5
DA:344,4
DA:345,1
DA:347,2
DA:355,2
DA:357,2
DA:358,2
DA:362,28
DA:366,18
DA:367,18
DA:368,18
LF:162
LH:160
BRDA:98,0,0,2
BRDA:98,0,1,2
BRDA:98,1,0,4
BRDA:98,1,1,3
BRDA:99,2,0,1
BRDA:99,2,1,1
BRDA:99,3,0,2
BRDA:99,3,1,1
BRDA:106,4,0,1
BRDA:106,4,1,0
BRDA:106,5,0,1
BRDA:106,5,1,1
BRDA:109,6,0,0
BRDA:109,6,1,1
BRDA:133,7,0,1
BRDA:133,7,1,5
BRDA:148,8,0,1
BRDA:148,8,1,3
BRDA:177,9,0,2
BRDA:177,9,1,4
BRDA:181,10,0,4
BRDA:181,10,1,0
BRDA:190,11,0,0
BRDA:190,11,1,5
BRDA:192,12,0,0
BRDA:192,12,1,5
BRDA:193,13,0,3
BRDA:193,13,1,2
BRDA:194,14,0,2
BRDA:194,14,1,3
BRDA:194,15,0,5
BRDA:194,15,1,4
BRDA:203,16,0,0
BRDA:203,16,1,2
BRDA:205,17,0,0
BRDA:205,17,1,2
BRDA:207,18,0,0
BRDA:207,18,1,2
BRDA:215,19,0,1
BRDA:215,19,1,2
BRDA:219,20,0,0
BRDA:219,20,1,2
BRDA:219,21,0,2
BRDA:219,21,1,2
BRDA:220,22,0,1
BRDA:220,22,1,1
BRDA:223,23,0,0
BRDA:223,23,1,1
BRDA:225,24,0,0
BRDA:225,24,1,1
BRDA:227,25,0,0
BRDA:227,25,1,1
BRDA:227,26,0,1
BRDA:227,26,1,0
BRDA:237,27,0,0
BRDA:237,27,1,1
BRDA:239,28,0,1
BRDA:239,28,1,0
BRDA:243,29,0,0
BRDA:243,29,1,2
BRDA:252,30,0,0
BRDA:252,30,1,2
BRDA:255,31,0,0
BRDA:255,31,1,2
BRDA:256,32,0,1
BRDA:256,32,1,1
BRDA:258,33,0,0
BRDA:258,33,1,1
BRDA:260,34,0,0
BRDA:260,34,1,1
BRDA:261,35,0,0
BRDA:261,35,1,1
BRDA:270,36,0,1
BRDA:270,36,1,9
BRDA:279,37,0,1
BRDA:279,37,1,3
BRDA:280,38,0,3
BRDA:280,38,1,0
BRDA:289,39,0,1
BRDA:289,39,1,2
BRDA:290,40,0,2
BRDA:290,40,1,0
BRDA:291,41,0,1
BRDA:291,41,1,2
BRDA:294,42,0,1
BRDA:294,42,1,1
BRDA:294,43,0,2
BRDA:294,43,1,1
BRDA:296,44,0,1
BRDA:296,44,1,0
BRDA:298,45,0,1
BRDA:298,45,1,0
BRDA:299,46,0,1
BRDA:299,46,1,0
BRDA:305,47,0,1
BRDA:305,47,1,1
BRDA:306,48,0,1
BRDA:306,48,1,0
BRDA:315,49,0,1
BRDA:315,49,1,1
BRDA:322,50,0,1
BRDA:322,50,1,0
BRDA:332,51,0,1
BRDA:332,51,1,1
BRDA:333,52,0,1
BRDA:333,52,1,0
BRDA:343,53,0,1
BRDA:343,53,1,4
BRF:108
BRH:79
end_of_record
TN:
SF:src/entities/ui-project/model/tree-ops.ts
FN:6,cloneProject
FN:10,collectIds
FN:12,(anonymous_2)
FN:20,findNode
FN:21,(anonymous_4)
FN:36,findParent
FN:37,(anonymous_6)
FN:52,findScreenOf
FN:59,containsId
FN:61,(anonymous_9)
FN:64,insertChild
FN:71,removeNode
FN:74,(anonymous_12)
FN:80,isAncestor
FN:86,clampIndex
FN:90,defaultFrameFor
FN:121,normalizeTextNodeFrame
FN:127,normalizeProjectTextFrames
FN:128,(anonymous_18)
FNF:19
FNH:19
FNDA:217,cloneProject
FNDA:19,collectIds
FNDA:25,(anonymous_2)
FNDA:168,findNode
FNDA:299,(anonymous_4)
FNDA:31,findParent
FNDA:40,(anonymous_6)
FNDA:4,findScreenOf
FNDA:22,containsId
FNDA:10,(anonymous_9)
FNDA:21,insertChild
FNDA:10,removeNode
FNDA:7,(anonymous_12)
FNDA:7,isAncestor
FNDA:7,clampIndex
FNDA:26,defaultFrameFor
FNDA:74,normalizeTextNodeFrame
FNDA:41,normalizeProjectTextFrames
FNDA:100,(anonymous_18)
DA:7,217
DA:11,19
DA:12,19
DA:13,25
DA:14,25
DA:16,19
DA:17,19
DA:21,168
DA:22,299
DA:23,146
DA:24,131
DA:25,131
DA:27,30
DA:29,168
DA:30,168
DA:31,168
DA:33,15
DA:37,31
DA:38,40
DA:39,34
DA:40,9
DA:41,9
DA:43,14
DA:45,31
DA:46,31
DA:47,31
DA:49,6
DA:53,4
DA:54,4
DA:56,1
DA:60,22
DA:61,15
DA:65,21
DA:66,21
DA:67,20
DA:68,20
DA:72,10
DA:73,10
DA:74,7
DA:75,6
DA:76,6
DA:77,6
DA:81,7
DA:82,7
DA:83,6
DA:87,7
DA:91,26
DA:92,26
DA:93,26
DA:94,26
DA:96,12
DA:103,5
DA:105,2
DA:106,2
DA:109,4
DA:111,1
DA:113,1
DA:115,1
DA:117,0
DA:122,74
DA:123,51
DA:124,74
DA:128,41
DA:129,100
DA:130,59
DA:132,100
DA:133,59
DA:136,41
DA:137,41
DA:139,41
LF:70
LH:69
BRDA:14,0,0,25
BRDA:14,0,1,4
BRDA:22,1,0,153
BRDA:22,1,1,146
BRDA:23,2,0,146
BRDA:23,2,1,8
BRDA:25,3,0,116
BRDA:25,3,1,15
BRDA:31,4,0,153
BRDA:31,4,1,15
BRDA:38,5,0,40
BRDA:38,5,1,6
BRDA:39,6,0,25
BRDA:39,6,1,9
BRDA:41,7,0,1
BRDA:41,7,1,8
BRDA:47,8,0,25
BRDA:47,8,1,6
BRDA:54,9,0,3
BRDA:54,9,1,1
BRDA:60,10,0,7
BRDA:60,10,1,15
BRDA:61,11,0,15
BRDA:61,11,1,5
BRDA:66,12,0,1
BRDA:66,12,1,20
BRDA:67,13,0,1
BRDA:67,13,1,19
BRDA:73,14,0,4
BRDA:73,14,1,6
BRDA:73,15,0,10
BRDA:73,15,1,6
BRDA:75,16,0,0
BRDA:75,16,1,6
BRDA:82,17,0,1
BRDA:82,17,1,6
BRDA:92,18,0,26
BRDA:92,18,1,25
BRDA:92,18,2,0
BRDA:93,19,0,26
BRDA:93,19,1,25
BRDA:93,19,2,0
BRDA:94,20,0,12
BRDA:94,20,1,5
BRDA:94,20,2,2
BRDA:94,20,3,4
BRDA:94,20,4,1
BRDA:94,20,5,1
BRDA:94,20,6,1
BRDA:94,20,7,0
BRDA:122,21,0,23
BRDA:122,21,1,51
BRDA:123,22,0,51
BRDA:123,22,1,0
BRDA:129,23,0,59
BRDA:129,23,1,41
BRDA:132,24,0,100
BRDA:132,24,1,45
BRF:58
BRH:53
end_of_record
TN:
SF:src/entities/ui-project/samples/hello.ts
FN:7,helloSample
FN:11,blankProject
FN:13,(anonymous_2)
FNF:3
FNH:3
FNDA:2,helloSample
FNDA:94,blankProject
FNDA:94,(anonymous_2)
DA:8,2
DA:13,94
DA:14,94
LF:3
LH:3
BRDA:13,0,0,94
BRDA:13,0,1,0
BRF:2
BRH:1
end_of_record
TN:
SF:src/pages/editor/EditorPage.tsx
FN:18,EditorPage
FN:19,(anonymous_1)
FN:20,(anonymous_2)
FN:21,(anonymous_3)
FN:22,(anonymous_4)
FN:23,(anonymous_5)
FN:24,(anonymous_6)
FN:26,(anonymous_7)
FN:27,(anonymous_8)
FN:60,(anonymous_9)
FNF:10
FNH:10
FNDA:22,EditorPage
FNDA:31,(anonymous_1)
FNDA:31,(anonymous_2)
FNDA:31,(anonymous_3)
FNDA:31,(anonymous_4)
FNDA:31,(anonymous_5)
FNDA:31,(anonymous_6)
FNDA:19,(anonymous_7)
FNDA:10,(anonymous_8)
FNDA:19,(anonymous_9)
DA:19,31
DA:20,31
DA:21,31
DA:22,31
DA:23,31
DA:24,31
DA:26,22
DA:27,19
DA:28,10
DA:30,10
DA:34,10
DA:35,10
DA:36,10
DA:37,10
DA:39,10
DA:40,3
DA:41,3
DA:42,2
DA:43,3
DA:47,7
DA:52,10
DA:53,3
DA:55,2
DA:56,2
DA:59,19
DA:60,19
DA:63,22
LF:27
LH:27
BRDA:30,0,0,10
BRDA:30,0,1,9
BRDA:30,0,2,9
BRDA:30,0,3,9
BRDA:30,0,4,9
BRDA:34,1,0,10
BRDA:34,1,1,10
BRDA:36,2,0,10
BRDA:36,2,1,7
BRDA:36,2,2,2
BRDA:37,3,0,10
BRDA:37,3,1,7
BRDA:37,3,2,2
BRDA:37,3,3,6
BRDA:39,4,0,3
BRDA:39,4,1,7
BRDA:39,5,0,10
BRDA:39,5,1,9
BRDA:39,5,2,3
BRDA:41,6,0,1
BRDA:41,6,1,2
BRDA:47,7,0,7
BRDA:47,7,1,6
BRDA:47,7,2,4
BRDA:47,7,3,4
BRDA:52,8,0,4
BRDA:52,8,1,6
BRDA:52,9,0,10
BRDA:52,9,1,3
BRDA:53,10,0,1
BRDA:53,10,1,2
BRDA:93,11,0,1
BRDA:93,11,1,20
BRF:33
BRH:33
end_of_record
TN:
SF:src/pages/library/CreateProjectPanel.tsx
FN:32,CreateProjectPanel
FN:67,(anonymous_1)
FN:78,(anonymous_2)
FN:94,(anonymous_3)
FN:105,(anonymous_4)
FN:122,(anonymous_5)
FNF:6
FNH:5
FNDA:34,CreateProjectPanel
FNDA:23,(anonymous_1)
FNDA:238,(anonymous_2)
FNDA:0,(anonymous_3)
FNDA:1,(anonymous_4)
FNDA:1,(anonymous_5)
DA:46,34
DA:48,34
DA:67,23
DA:78,238
DA:94,0
DA:105,1
DA:122,1
LF:7
LH:6
BRDA:50,0,0,10
BRDA:50,0,1,24
BRDA:90,1,0,34
BRDA:90,1,1,34
BRDA:101,2,0,34
BRDA:101,2,1,0
BRDA:137,3,0,10
BRDA:137,3,1,24
BRF:8
BRH:7
end_of_record
TN:
SF:src/pages/library/LibraryPage.tsx
FN:39,LibraryPage
FN:58,(anonymous_1)
FN:59,(anonymous_2)
FN:62,(anonymous_3)
FN:66,(anonymous_4)
FN:78,(anonymous_5)
FN:79,(anonymous_6)
FN:82,(anonymous_7)
FN:86,(anonymous_8)
FN:93,(anonymous_9)
FN:116,(anonymous_10)
FN:124,(anonymous_11)
FN:125,(anonymous_12)
FN:141,(anonymous_13)
FN:142,(anonymous_14)
FN:157,(anonymous_15)
FN:163,(anonymous_16)
FN:174,(anonymous_17)
FN:184,(anonymous_18)
FN:203,(anonymous_19)
FN:215,(anonymous_20)
FN:220,(anonymous_21)
FNF:22
FNH:20
FNDA:48,LibraryPage
FNDA:14,(anonymous_1)
FNDA:14,(anonymous_2)
FNDA:14,(anonymous_3)
FNDA:28,(anonymous_4)
FNDA:14,(anonymous_5)
FNDA:14,(anonymous_6)
FNDA:14,(anonymous_7)
FNDA:38,(anonymous_8)
FNDA:2,(anonymous_9)
FNDA:1,(anonymous_10)
FNDA:0,(anonymous_11)
FNDA:1,(anonymous_12)
FNDA:1,(anonymous_13)
FNDA:1,(anonymous_14)
FNDA:34,(anonymous_15)
FNDA:1,(anonymous_16)
FNDA:2,(anonymous_17)
FNDA:3,(anonymous_18)
FNDA:4,(anonymous_19)
FNDA:0,(anonymous_20)
FNDA:1,(anonymous_21)
DA:46,48
DA:47,48
DA:48,48
DA:49,48
DA:50,48
DA:51,48
DA:52,48
DA:53,48
DA:54,48
DA:55,48
DA:56,48
DA:58,48
DA:59,14
DA:62,48
DA:66,48
DA:78,48
DA:79,14
DA:82,48
DA:86,48
DA:87,38
DA:88,38
DA:89,38
DA:90,38
DA:93,48
DA:94,2
DA:95,2
DA:96,2
DA:103,2
DA:112,2
DA:113,2
DA:116,48
DA:117,1
DA:118,1
DA:119,1
DA:120,1
DA:121,1
DA:122,1
DA:124,48
DA:125,48
DA:126,1
DA:127,1
DA:128,1
DA:129,1
DA:138,1
DA:141,48
DA:142,48
DA:143,1
DA:144,1
DA:145,1
DA:148,48
DA:158,34
DA:164,1
DA:165,1
DA:175,2
DA:176,2
DA:184,3
DA:203,4
DA:215,0
DA:220,1
LF:59
LH:58
BRDA:59,0,0,14
BRDA:59,0,1,0
BRDA:70,1,0,28
BRDA:70,1,1,2
BRDA:79,2,0,14
BRDA:79,2,1,0
BRDA:87,3,0,38
BRDA:87,3,1,29
BRDA:89,4,0,38
BRDA:89,4,1,1
BRDA:95,5,0,2
BRDA:95,5,1,0
BRDA:117,6,0,0
BRDA:117,6,1,1
BRDA:126,7,0,0
BRDA:126,7,1,1
BRDA:128,8,0,1
BRDA:128,8,1,0
BRDA:143,9,0,0
BRDA:143,9,1,1
BRDA:241,10,0,9
BRDA:241,10,1,39
BRDA:275,11,0,2
BRDA:275,11,1,46
BRF:24
BRH:17
end_of_record
TN:
SF:src/pages/library/ProjectPreview.tsx
FN:10,ProjectPreview
FN:17,(anonymous_1)
FN:64,(anonymous_2)
FNF:3
FNH:2
FNDA:70,ProjectPreview
FNDA:70,(anonymous_1)
FNDA:0,(anonymous_2)
DA:17,70
DA:18,70
DA:19,70
DA:20,70
DA:21,70
DA:22,70
DA:23,70
DA:24,70
DA:26,70
DA:64,0
LF:10
LH:9
BRDA:12,0,0,70
BRDA:17,1,0,70
BRDA:17,1,1,0
BRDA:18,2,0,70
BRDA:18,2,1,0
BRDA:19,3,0,35
BRDA:19,3,1,35
BRDA:20,4,0,35
BRDA:20,4,1,35
BRDA:24,5,0,35
BRDA:24,5,1,35
BRDA:27,6,0,70
BRDA:27,6,1,35
BRDA:48,7,0,70
BRDA:48,7,1,0
BRF:15
BRH:12
end_of_record
TN:
SF:src/pages/library/lib/library-helpers.ts
FN:17,orientSize
FN:24,findPresetIdForSize
FN:28,(anonymous_2)
FN:36,formatEditedAt
FN:42,templateLabel
FNF:5
FNH:5
FNDA:34,orientSize
FNDA:4,findPresetIdForSize
FNDA:10,(anonymous_2)
FNDA:37,formatEditedAt
FNDA:70,templateLabel
DA:18,34
DA:19,34
DA:20,34
DA:21,32
DA:25,4
DA:26,4
DA:27,4
DA:30,10
DA:37,37
DA:38,37
DA:39,37
DA:43,70
LF:12
LH:12
BRDA:20,0,0,2
BRDA:20,0,1,32
BRDA:21,1,0,2
BRDA:21,1,1,30
BRDA:28,2,0,4
BRDA:28,2,1,1
BRDA:30,3,0,10
BRDA:30,3,1,3
BRDA:39,4,0,36
BRDA:39,4,1,1
BRDA:43,5,0,15
BRDA:43,5,1,55
BRF:12
BRH:12
end_of_record
TN:
SF:src/shared/config/displayPresets.ts
FN:25,presetForSize
FN:27,(anonymous_1)
FNF:2
FNH:2
FNDA:2,presetForSize
FNDA:8,(anonymous_1)
DA:13,15
DA:23,15
DA:26,2
DA:27,8
LF:4
LH:4
BRDA:27,0,0,2
BRDA:27,0,1,1
BRDA:27,1,0,8
BRDA:27,1,1,1
BRF:4
BRH:4
end_of_record
TN:
SF:src/shared/lib/cn.ts
FN:3,cn
FNF:1
FNH:1
FNDA:29941,cn
DA:4,29941
LF:1
LH:1
BRF:0
BRH:0
end_of_record
TN:
SF:src/shared/ui/BrandLogo.tsx
FN:11,BrandLogo
FNF:1
FNH:1
FNDA:52,BrandLogo
DA:13,52
DA:28,52
LF:2
LH:2
BRDA:11,0,0,52
BRDA:30,1,0,1
BRDA:30,1,1,51
BRF:3
BRH:3
end_of_record
TN:
SF:src/shared/ui/Button.tsx
FN:29,Button
FNF:1
FNH:1
FNDA:48,Button
DA:16,4
DA:23,4
DA:37,48
LF:3
LH:3
BRDA:30,0,0,48
BRDA:31,1,0,48
BRDA:33,2,0,48
BRF:3
BRH:3
end_of_record
TN:
SF:src/shared/ui/Checkbox.tsx
FN:12,Checkbox
FNF:1
FNH:1
FNDA:5,Checkbox
DA:18,5
LF:1
LH:1
BRF:0
BRH:0
end_of_record
TN:
SF:src/shared/ui/CustomSelect.tsx
FN:22,CustomSelect
FN:32,(anonymous_1)
FN:33,(anonymous_2)
FN:37,(anonymous_3)
FN:39,(anonymous_4)
FN:45,(anonymous_5)
FN:56,(anonymous_6)
FN:56,(anonymous_7)
FN:57,(anonymous_8)
FN:77,(anonymous_9)
FN:86,(anonymous_10)
FNF:11
FNH:11
FNDA:221,CustomSelect
FNDA:196,(anonymous_1)
FNDA:238,(anonymous_2)
FNDA:149,(anonymous_3)
FNDA:10,(anonymous_4)
FNDA:14,(anonymous_5)
FNDA:14,(anonymous_6)
FNDA:14,(anonymous_7)
FNDA:1,(anonymous_8)
FNDA:47,(anonymous_9)
FNDA:9,(anonymous_10)
DA:30,221
DA:31,221
DA:32,221
DA:33,238
DA:37,221
DA:38,149
DA:39,14
DA:40,10
DA:41,1
DA:44,14
DA:45,14
DA:48,221
DA:56,14
DA:58,1
DA:78,47
DA:79,47
DA:87,9
DA:88,9
LF:18
LH:18
BRDA:33,0,0,196
BRDA:33,0,1,1
BRDA:38,1,0,135
BRDA:38,1,1,14
BRDA:40,2,0,1
BRDA:40,2,1,9
BRDA:58,3,0,1
BRDA:58,3,1,0
BRDA:63,4,0,6
BRDA:63,4,1,215
BRDA:70,5,0,221
BRDA:70,5,1,0
BRDA:75,6,0,14
BRDA:75,6,1,207
BRDA:85,7,0,47
BRDA:85,7,1,14
BRDA:92,8,0,14
BRDA:92,8,1,33
BRDA:95,9,0,4
BRDA:95,9,1,43
BRF:20
BRH:18
end_of_record
TN:
SF:src/shared/ui/DraftNumberInput.tsx
FN:17,DraftNumberInput
FN:28,(anonymous_1)
FN:32,(anonymous_2)
FN:57,(anonymous_3)
FN:59,(anonymous_4)
FNF:5
FNH:5
FNDA:237,DraftNumberInput
FNDA:126,(anonymous_1)
FNDA:14,(anonymous_2)
FNDA:31,(anonymous_3)
FNDA:37,(anonymous_4)
DA:26,237
DA:28,237
DA:29,126
DA:32,237
DA:33,14
DA:34,2
DA:35,2
DA:38,12
DA:39,12
DA:40,0
DA:41,0
DA:44,12
DA:45,14
DA:46,14
DA:49,237
DA:57,31
DA:60,37
DA:61,37
DA:62,1
DA:63,1
LF:20
LH:18
BRDA:24,0,0,237
BRDA:33,1,0,2
BRDA:33,1,1,12
BRDA:39,2,0,0
BRDA:39,2,1,12
BRDA:44,3,0,12
BRDA:44,3,1,9
BRDA:44,4,0,14
BRDA:44,4,1,5
BRDA:46,5,0,11
BRDA:46,5,1,3
BRDA:56,6,0,128
BRDA:56,6,1,109
BRDA:60,7,0,1
BRDA:60,7,1,36
BRDA:61,8,0,1
BRDA:61,8,1,36
BRF:17
BRH:16
end_of_record
TN:
SF:src/shared/ui/EmptyState.tsx
FN:11,EmptyState
FNF:1
FNH:1
FNDA:18,EmptyState
DA:12,18
LF:1
LH:1
BRF:0
BRH:0
end_of_record
TN:
SF:src/shared/ui/Field.tsx
FN:14,Field
FNF:1
FNH:1
FNDA:5,Field
DA:15,5
LF:1
LH:1
BRDA:17,0,0,4
BRDA:17,0,1,1
BRDA:19,1,0,2
BRDA:19,1,1,3
BRDA:20,2,0,1
BRDA:20,2,1,4
BRDA:20,3,0,5
BRDA:20,3,1,2
BRF:8
BRH:8
end_of_record
TN:
SF:src/shared/ui/IconButton.tsx
FN:12,IconButton
FNF:1
FNH:1
FNDA:275,IconButton
DA:20,275
LF:1
LH:1
BRDA:17,0,0,275
BRDA:22,1,0,275
BRDA:22,1,1,88
BRF:3
BRH:3
end_of_record
TN:
SF:src/shared/ui/Input.tsx
FN:20,Input
FNF:1
FNH:1
FNDA:9,Input
DA:14,1
DA:20,1
DA:24,9
LF:3
LH:3
BRDA:21,0,0,9
BRDA:21,1,0,9
BRDA:28,2,0,9
BRDA:28,2,1,1
BRF:4
BRH:4
end_of_record
TN:
SF:src/shared/ui/Modal.tsx
FN:25,Modal
FN:35,(anonymous_1)
FN:37,(anonymous_2)
FN:41,(anonymous_3)
FN:49,(anonymous_4)
FNF:5
FNH:5
FNDA:153,Modal
FNDA:152,(anonymous_1)
FNDA:20,(anonymous_2)
FNDA:33,(anonymous_3)
FNDA:12,(anonymous_4)
DA:20,3
DA:35,153
DA:36,152
DA:37,33
DA:38,20
DA:40,33
DA:41,33
DA:44,153
DA:46,37
DA:50,12
DA:51,11
LF:11
LH:11
BRDA:28,0,0,153
BRDA:32,1,0,153
BRDA:33,2,0,153
BRDA:36,3,0,119
BRDA:36,3,1,33
BRDA:36,4,0,152
BRDA:36,4,1,36
BRDA:36,4,2,35
BRDA:38,5,0,1
BRDA:38,5,1,19
BRDA:44,6,0,116
BRDA:44,6,1,37
BRDA:50,7,0,1
BRDA:50,7,1,11
BRDA:50,8,0,12
BRDA:50,8,1,11
BRDA:51,9,0,1
BRDA:51,9,1,10
BRF:18
BRH:18
end_of_record
TN:
SF:src/shared/ui/RangeSlider.tsx
FN:11,RangeSlider
FNF:1
FNH:1
FNDA:49,RangeSlider
DA:11,4
DA:16,49
DA:19,49
LF:3
LH:3
BRDA:16,0,0,47
BRDA:16,0,1,2
BRF:2
BRH:2
end_of_record
TN:
SF:src/shared/ui/SectionTitle.tsx
FN:13,SectionTitle
FN:24,SidebarDisclosure
FNF:2
FNH:2
FNDA:83,SectionTitle
FNDA:32,SidebarDisclosure
DA:14,83
DA:30,32
LF:2
LH:2
BRDA:13,0,0,83
BRF:1
BRH:1
end_of_record
TN:
SF:src/shared/ui/Textarea.tsx
FN:11,Textarea
FNF:1
FNH:1
FNDA:5,Textarea
DA:11,1
DA:15,5
LF:2
LH:2
BRDA:12,0,0,5
BRDA:18,1,0,5
BRDA:18,1,1,1
BRF:3
BRH:3
end_of_record
TN:
SF:src/shared/ui/TopBar.tsx
FN:11,TopBar
FN:19,TopBarMeta
FN:31,TopBarControls
FNF:3
FNH:3
FNDA:71,TopBar
FNDA:1,TopBarMeta
FNDA:1,TopBarControls
DA:12,71
DA:19,4
DA:24,1
DA:31,4
DA:36,1
LF:5
LH:5
BRF:0
BRH:0
end_of_record
TN:
SF:src/widgets/canvas-workspace/CanvasRulers.tsx
FN:23,CanvasRulers
FN:38,(anonymous_1)
FN:69,(anonymous_2)
FN:105,(anonymous_3)
FN:136,(anonymous_4)
FNF:5
FNH:5
FNDA:49,CanvasRulers
FNDA:7415,(anonymous_1)
FNDA:7415,(anonymous_2)
FNDA:5940,(anonymous_3)
FNDA:5940,(anonymous_4)
DA:32,49
DA:39,7415
DA:70,7415
DA:106,5940
DA:137,5940
LF:5
LH:5
BRDA:41,0,0,7415
BRDA:41,0,1,972
BRDA:45,1,0,11
BRDA:45,1,1,38
BRDA:45,2,0,49
BRDA:45,2,1,11
BRDA:76,3,0,7415
BRDA:76,3,1,972
BRDA:81,4,0,11
BRDA:81,4,1,38
BRDA:81,5,0,49
BRDA:81,5,1,11
BRDA:108,6,0,5940
BRDA:108,6,1,785
BRDA:112,7,0,11
BRDA:112,7,1,38
BRDA:112,8,0,49
BRDA:112,8,1,11
BRDA:143,9,0,5940
BRDA:143,9,1,785
BRDA:148,10,0,11
BRDA:148,10,1,38
BRDA:148,11,0,49
BRDA:148,11,1,11
BRF:24
BRH:24
end_of_record
TN:
SF:src/widgets/canvas-workspace/CanvasWorkspace.tsx
FN:63,CanvasWorkspace
FN:64,(anonymous_1)
FN:65,(anonymous_2)
FN:66,(anonymous_3)
FN:67,(anonymous_4)
FN:68,(anonymous_5)
FN:69,(anonymous_6)
FN:70,(anonymous_7)
FN:71,(anonymous_8)
FN:89,(anonymous_9)
FN:90,(anonymous_10)
FN:98,(anonymous_11)
FN:103,(anonymous_12)
FN:109,(anonymous_13)
FN:113,(anonymous_14)
FN:117,(anonymous_15)
FN:121,(anonymous_16)
FN:178,(anonymous_17)
FN:179,(anonymous_18)
FN:228,(anonymous_19)
FN:242,(anonymous_20)
FN:246,(anonymous_21)
FN:255,(anonymous_22)
FN:258,(anonymous_23)
FN:261,(anonymous_24)
FN:273,(anonymous_25)
FN:293,(anonymous_26)
FN:294,(anonymous_27)
FN:311,(anonymous_28)
FN:315,(anonymous_29)
FN:323,(anonymous_30)
FN:327,(anonymous_31)
FN:335,(anonymous_32)
FN:340,(anonymous_33)
FN:378,(anonymous_34)
FN:508,(anonymous_35)
FN:538,(anonymous_36)
FN:539,(anonymous_37)
FN:549,(anonymous_38)
FN:573,(anonymous_39)
FN:574,(anonymous_40)
FN:595,(anonymous_41)
FN:596,(anonymous_42)
FN:634,(anonymous_43)
FN:635,(anonymous_44)
FN:685,(anonymous_45)
FN:695,(anonymous_46)
FN:731,(anonymous_47)
FNF:48
FNH:31
FNDA:49,CanvasWorkspace
FNDA:60,(anonymous_1)
FNDA:60,(anonymous_2)
FNDA:60,(anonymous_3)
FNDA:60,(anonymous_4)
FNDA:60,(anonymous_5)
FNDA:60,(anonymous_6)
FNDA:60,(anonymous_7)
FNDA:60,(anonymous_8)
FNDA:48,(anonymous_9)
FNDA:27,(anonymous_10)
FNDA:7728,(anonymous_11)
FNDA:6192,(anonymous_12)
FNDA:28,(anonymous_13)
FNDA:28,(anonymous_14)
FNDA:28,(anonymous_15)
FNDA:28,(anonymous_16)
FNDA:19,(anonymous_17)
FNDA:0,(anonymous_18)
FNDA:19,(anonymous_19)
FNDA:18,(anonymous_20)
FNDA:18,(anonymous_21)
FNDA:0,(anonymous_22)
FNDA:18,(anonymous_23)
FNDA:19,(anonymous_24)
FNDA:19,(anonymous_25)
FNDA:18,(anonymous_26)
FNDA:18,(anonymous_27)
FNDA:0,(anonymous_28)
FNDA:0,(anonymous_29)
FNDA:0,(anonymous_30)
FNDA:0,(anonymous_31)
FNDA:1,(anonymous_32)
FNDA:0,(anonymous_33)
FNDA:0,(anonymous_34)
FNDA:1,(anonymous_35)
FNDA:0,(anonymous_36)
FNDA:0,(anonymous_37)
FNDA:1,(anonymous_38)
FNDA:0,(anonymous_39)
FNDA:0,(anonymous_40)
FNDA:40,(anonymous_41)
FNDA:0,(anonymous_42)
FNDA:0,(anonymous_43)
FNDA:0,(anonymous_44)
FNDA:1,(anonymous_45)
FNDA:0,(anonymous_46)
FNDA:0,(anonymous_47)
DA:64,60
DA:65,60
DA:66,60
DA:67,60
DA:68,60
DA:69,60
DA:70,60
DA:71,60
DA:72,49
DA:73,49
DA:74,49
DA:75,49
DA:76,49
DA:77,49
DA:78,49
DA:79,49
DA:85,49
DA:86,49
DA:87,49
DA:89,49
DA:90,49
DA:91,27
DA:92,26
DA:94,49
DA:95,49
DA:96,49
DA:97,49
DA:98,7728
DA:103,6192
DA:109,49
DA:110,28
DA:111,7
DA:113,49
DA:114,28
DA:115,7
DA:117,49
DA:118,28
DA:121,49
DA:122,28
DA:126,49
DA:127,1
DA:136,47
DA:139,49
DA:140,49
DA:141,49
DA:142,49
DA:143,49
DA:145,49
DA:146,49
DA:150,49
DA:158,49
DA:159,49
DA:161,49
DA:163,49
DA:167,49
DA:168,49
DA:169,49
DA:170,49
DA:171,49
DA:172,49
DA:173,49
DA:174,49
DA:175,49
DA:176,49
DA:178,49
DA:179,19
DA:180,0
DA:181,0
DA:183,0
DA:184,0
DA:186,0
DA:188,0
DA:189,0
DA:191,0
DA:192,0
DA:193,0
DA:195,0
DA:196,0
DA:197,0
DA:198,0
DA:199,0
DA:201,0
DA:206,0
DA:207,0
DA:215,0
DA:224,0
DA:227,19
DA:228,19
DA:242,49
DA:243,18
DA:244,18
DA:246,18
DA:247,18
DA:253,18
DA:255,18
DA:256,18
DA:258,18
DA:261,49
DA:262,19
DA:263,19
DA:265,0
DA:266,0
DA:268,0
DA:269,0
DA:270,0
DA:273,49
DA:274,19
DA:275,19
DA:276,19
DA:278,0
DA:279,0
DA:280,0
DA:281,0
DA:282,0
DA:284,0
DA:285,0
DA:286,0
DA:287,0
DA:290,0
DA:293,49
DA:294,18
DA:295,18
DA:296,18
DA:297,18
DA:298,0
DA:299,0
DA:301,18
DA:302,18
DA:303,0
DA:304,0
DA:306,18
DA:307,18
DA:311,49
DA:312,0
DA:313,0
DA:315,0
DA:316,0
DA:317,0
DA:318,0
DA:319,0
DA:323,49
DA:324,0
DA:325,0
DA:327,0
DA:328,0
DA:329,0
DA:330,0
DA:331,0
DA:335,49
DA:336,1
DA:337,1
DA:338,1
DA:340,1
DA:341,0
DA:342,0
DA:344,0
DA:345,0
DA:347,0
DA:348,0
DA:349,0
DA:350,0
DA:351,0
DA:352,0
DA:353,0
DA:359,0
DA:360,0
DA:361,0
DA:362,0
DA:371,0
DA:375,0
DA:378,0
DA:379,0
DA:380,0
DA:382,0
DA:383,0
DA:386,0
DA:387,0
DA:388,0
DA:393,0
DA:397,0
DA:400,0
DA:401,0
DA:407,0
DA:408,0
DA:409,0
DA:410,0
DA:411,0
DA:421,0
DA:424,0
DA:425,0
DA:426,0
DA:427,0
DA:428,0
DA:429,0
DA:431,0
DA:432,0
DA:433,0
DA:435,0
DA:436,0
DA:442,0
DA:443,0
DA:445,0
DA:446,0
DA:453,0
DA:454,0
DA:455,0
DA:461,0
DA:462,0
DA:463,0
DA:471,0
DA:477,0
DA:478,0
DA:479,0
DA:481,0
DA:485,0
DA:488,0
DA:495,0
DA:496,0
DA:497,0
DA:508,1
DA:509,1
DA:510,1
DA:511,1
DA:512,1
DA:513,0
DA:514,0
DA:516,1
DA:517,1
DA:518,0
DA:519,0
DA:521,1
DA:522,1
DA:523,1
DA:524,1
DA:525,1
DA:526,0
DA:528,1
DA:529,0
DA:531,1
DA:534,1
DA:535,1
DA:538,49
DA:539,0
DA:549,49
DA:550,1
DA:551,1
DA:552,1
DA:553,1
DA:554,1
DA:555,1
DA:556,1
DA:557,1
DA:558,1
DA:565,1
DA:566,0
DA:570,1
DA:573,0
DA:574,0
DA:581,1
DA:595,49
DA:596,40
DA:597,0
DA:598,0
DA:599,0
DA:600,0
DA:602,0
DA:611,0
DA:612,0
DA:615,0
DA:634,49
DA:635,0
DA:636,0
DA:637,0
DA:638,0
DA:639,0
DA:641,0
DA:642,0
DA:643,0
DA:645,0
DA:646,0
DA:649,0
DA:670,49
DA:685,1
DA:696,0
DA:731,0
LF:285
LH:135
BRDA:91,0,0,1
BRDA:91,0,1,26
BRDA:96,1,0,0
BRDA:96,1,1,48
BRDA:110,2,0,21
BRDA:110,2,1,7
BRDA:110,3,0,28
BRDA:110,3,1,27
BRDA:114,4,0,21
BRDA:114,4,1,7
BRDA:114,5,0,28
BRDA:114,5,1,27
BRDA:118,6,0,7
BRDA:118,6,1,21
BRDA:122,7,0,7
BRDA:122,7,1,21
BRDA:126,8,0,1
BRDA:126,8,1,48
BRDA:126,9,0,49
BRDA:126,9,1,47
BRDA:136,10,0,0
BRDA:136,10,1,47
BRDA:142,11,0,49
BRDA:142,11,1,11
BRDA:143,12,0,49
BRDA:143,12,1,36
BRDA:145,13,0,0
BRDA:145,13,1,47
BRDA:145,14,0,49
BRDA:145,14,1,0
BRDA:146,15,0,11
BRDA:146,15,1,36
BRDA:146,16,0,49
BRDA:146,16,1,11
BRDA:150,17,0,0
BRDA:150,17,1,47
BRDA:150,18,0,49
BRDA:150,18,1,11
BRDA:152,19,0,0
BRDA:152,19,1,0
BRDA:152,20,0,0
BRDA:152,20,1,0
BRDA:153,21,0,0
BRDA:153,21,1,0
BRDA:158,22,0,49
BRDA:158,22,1,36
BRDA:159,23,0,49
BRDA:159,23,1,11
BRDA:161,24,0,49
BRDA:161,24,1,11
BRDA:161,24,2,11
BRDA:163,25,0,49
BRDA:163,25,1,11
BRDA:163,25,2,11
BRDA:163,25,3,11
BRDA:181,26,0,0
BRDA:181,26,1,0
BRDA:184,27,0,0
BRDA:184,27,1,0
BRDA:184,28,0,0
BRDA:184,28,1,0
BRDA:186,29,0,0
BRDA:186,29,1,0
BRDA:186,30,0,0
BRDA:186,30,1,0
BRDA:191,31,0,0
BRDA:191,31,1,0
BRDA:193,32,0,0
BRDA:193,32,1,0
BRDA:201,33,0,0
BRDA:201,33,1,0
BRDA:201,33,2,0
BRDA:201,33,3,0
BRDA:206,34,0,0
BRDA:206,34,1,0
BRDA:219,35,0,0
BRDA:219,35,1,0
BRDA:220,36,0,0
BRDA:220,36,1,0
BRDA:244,37,0,0
BRDA:244,37,1,18
BRDA:263,38,0,19
BRDA:263,38,1,0
BRDA:263,39,0,19
BRDA:263,39,1,19
BRDA:263,39,2,0
BRDA:266,40,0,0
BRDA:266,40,1,0
BRDA:276,41,0,19
BRDA:276,41,1,0
BRDA:276,42,0,19
BRDA:276,42,1,19
BRDA:278,43,0,0
BRDA:278,43,1,0
BRDA:297,44,0,0
BRDA:297,44,1,18
BRDA:302,45,0,0
BRDA:302,45,1,18
BRDA:313,46,0,0
BRDA:313,46,1,0
BRDA:319,47,0,0
BRDA:319,47,1,0
BRDA:325,48,0,0
BRDA:325,48,1,0
BRDA:331,49,0,0
BRDA:331,49,1,0
BRDA:342,50,0,0
BRDA:342,50,1,0
BRDA:347,51,0,0
BRDA:347,51,1,0
BRDA:348,52,0,0
BRDA:348,52,1,0
BRDA:359,53,0,0
BRDA:359,53,1,0
BRDA:359,54,0,0
BRDA:359,54,1,0
BRDA:375,55,0,0
BRDA:375,55,1,0
BRDA:378,56,0,0
BRDA:378,56,1,0
BRDA:379,57,0,0
BRDA:379,57,1,0
BRDA:386,58,0,0
BRDA:386,58,1,0
BRDA:387,59,0,0
BRDA:387,59,1,0
BRDA:387,60,0,0
BRDA:387,60,1,0
BRDA:387,60,2,0
BRDA:389,61,0,0
BRDA:389,61,1,0
BRDA:390,62,0,0
BRDA:390,62,1,0
BRDA:393,63,0,0
BRDA:393,63,1,0
BRDA:397,64,0,0
BRDA:397,64,1,0
BRDA:407,65,0,0
BRDA:407,65,1,0
BRDA:407,66,0,0
BRDA:407,66,1,0
BRDA:431,67,0,0
BRDA:431,67,1,0
BRDA:432,68,0,0
BRDA:432,68,1,0
BRDA:435,69,0,0
BRDA:435,69,1,0
BRDA:442,70,0,0
BRDA:442,70,1,0
BRDA:445,71,0,0
BRDA:445,71,1,0
BRDA:453,72,0,0
BRDA:453,72,1,0
BRDA:453,73,0,0
BRDA:453,73,1,0
BRDA:454,74,0,0
BRDA:454,74,1,0
BRDA:461,75,0,0
BRDA:461,75,1,0
BRDA:461,76,0,0
BRDA:461,76,1,0
BRDA:462,77,0,0
BRDA:462,77,1,0
BRDA:477,78,0,0
BRDA:477,78,1,0
BRDA:478,79,0,0
BRDA:478,79,1,0
BRDA:479,80,0,0
BRDA:479,80,1,0
BRDA:481,81,0,0
BRDA:481,81,1,0
BRDA:485,82,0,0
BRDA:485,82,1,0
BRDA:495,83,0,0
BRDA:495,83,1,0
BRDA:495,84,0,0
BRDA:495,84,1,0
BRDA:512,85,0,0
BRDA:512,85,1,1
BRDA:517,86,0,0
BRDA:517,86,1,1
BRDA:525,87,0,0
BRDA:525,87,1,1
BRDA:528,88,0,0
BRDA:528,88,1,1
BRDA:554,89,0,0
BRDA:554,89,1,1
BRDA:554,90,0,1
BRDA:554,90,1,1
BRDA:554,90,2,1
BRDA:554,90,3,1
BRDA:554,90,4,1
BRDA:555,91,0,0
BRDA:555,91,1,1
BRDA:557,92,0,1
BRDA:557,92,1,0
BRDA:565,93,0,0
BRDA:565,93,1,1
BRDA:565,94,0,1
BRDA:565,94,1,1
BRDA:570,95,0,1
BRDA:570,95,1,0
BRDA:577,96,0,0
BRDA:577,96,1,0
BRDA:597,97,0,0
BRDA:597,97,1,0
BRDA:597,98,0,0
BRDA:597,98,1,0
BRDA:597,98,2,0
BRDA:597,98,3,0
BRDA:598,99,0,0
BRDA:598,99,1,0
BRDA:602,100,0,0
BRDA:602,100,1,0
BRDA:611,101,0,0
BRDA:611,101,1,0
BRDA:611,102,0,0
BRDA:611,102,1,0
BRDA:621,103,0,0
BRDA:621,103,1,0
BRDA:628,104,0,0
BRDA:628,104,1,0
BRDA:629,105,0,0
BRDA:629,105,1,0
BRDA:636,106,0,0
BRDA:636,106,1,0
BRDA:636,107,0,0
BRDA:636,107,1,0
BRDA:636,107,2,0
BRDA:636,107,3,0
BRDA:637,108,0,0
BRDA:637,108,1,0
BRDA:643,109,0,0
BRDA:643,109,1,0
BRDA:645,110,0,0
BRDA:645,110,1,0
BRDA:645,111,0,0
BRDA:645,111,1,0
BRDA:688,112,0,47
BRDA:688,112,1,0
BRDA:696,113,0,0
BRDA:696,113,1,0
BRDA:718,114,0,11
BRDA:718,114,1,36
BRDA:733,115,0,0
BRDA:733,115,1,47
BRDA:746,116,0,11
BRDA:746,116,1,36
BRDA:746,117,0,49
BRDA:746,117,1,11
BRDA:774,118,0,11
BRDA:774,118,1,36
BRF:252
BRH:79
end_of_record
TN:
SF:src/widgets/canvas-workspace/SelectionOverlay.tsx
FN:27,SelectionOverlay
FNF:1
FNH:1
FNDA:14,SelectionOverlay
DA:20,4
DA:37,14
DA:38,14
DA:39,14
DA:40,14
DA:42,14
LF:6
LH:6
BRDA:48,0,0,12
BRDA:48,0,1,2
BRDA:72,1,0,1
BRDA:72,1,1,13
BRF:4
BRH:4
end_of_record
TN:
SF:src/widgets/canvas-workspace/renderNode.tsx
FN:28,PreviewNode
FN:68,(anonymous_1)
FN:76,(anonymous_2)
FN:83,NodeVisual
FN:110,visibleLineY
FN:117,rasterLine
FN:144,PanelVisual
FN:177,LabelVisual
FN:204,ButtonVisual
FN:242,IconVisual
FN:265,ImageVisual
FN:282,LineVisual
FN:298,(anonymous_12)
FNF:13
FNH:12
FNDA:146,PreviewNode
FNDA:2,(anonymous_1)
FNDA:22,(anonymous_2)
FNDA:145,NodeVisual
FNDA:2,visibleLineY
FNDA:1,rasterLine
FNDA:126,PanelVisual
FNDA:16,LabelVisual
FNDA:1,ButtonVisual
FNDA:1,IconVisual
FNDA:0,ImageVisual
FNDA:1,LineVisual
FNDA:51,(anonymous_12)
DA:37,146
DA:38,146
DA:39,145
DA:40,146
DA:41,146
DA:44,146
DA:45,146
DA:48,146
DA:51,146
DA:59,146
DA:63,146
DA:69,2
DA:70,2
DA:71,2
DA:77,22
DA:84,145
DA:87,125
DA:89,1
DA:91,16
DA:93,1
DA:95,1
DA:97,0
DA:99,1
DA:101,0
DA:111,2
DA:112,2
DA:113,2
DA:114,2
DA:118,1
DA:119,1
DA:120,1
DA:121,1
DA:122,1
DA:123,1
DA:124,1
DA:125,1
DA:127,1
DA:128,51
DA:129,51
DA:130,50
DA:131,50
DA:132,50
DA:133,50
DA:135,50
DA:136,0
DA:137,0
DA:141,1
DA:153,126
DA:154,126
DA:159,126
DA:161,126
DA:164,126
DA:178,16
DA:179,16
DA:180,16
DA:183,16
DA:184,16
DA:205,1
DA:206,1
DA:209,1
DA:210,1
DA:212,1
DA:213,1
DA:214,1
DA:215,1
DA:216,1
DA:217,1
DA:218,1
DA:219,1
DA:243,1
DA:244,1
DA:245,1
DA:246,1
DA:247,1
DA:248,1
DA:266,0
DA:267,0
DA:283,1
DA:284,1
DA:285,1
DA:286,1
DA:287,1
DA:288,1
DA:289,1
DA:290,1
DA:291,1
DA:292,1
DA:293,1
DA:294,1
DA:296,1
DA:299,51
LF:91
LH:85
BRDA:31,0,0,146
BRDA:38,1,0,1
BRDA:38,1,1,145
BRDA:39,2,0,0
BRDA:39,2,1,145
BRDA:40,3,0,146
BRDA:40,3,1,145
BRDA:41,4,0,0
BRDA:41,4,1,145
BRDA:44,5,0,146
BRDA:44,5,1,145
BRDA:45,6,0,1
BRDA:45,6,1,144
BRDA:46,7,0,1
BRDA:46,7,1,0
BRDA:46,7,2,0
BRDA:48,8,0,1
BRDA:48,8,1,144
BRDA:56,9,0,10
BRDA:56,9,1,135
BRDA:59,10,0,0
BRDA:59,10,1,145
BRDA:59,11,0,146
BRDA:59,11,1,1
BRDA:60,12,0,0
BRDA:60,12,1,0
BRDA:84,13,0,124
BRDA:84,13,1,125
BRDA:84,13,2,1
BRDA:84,13,3,16
BRDA:84,13,4,1
BRDA:84,13,5,1
BRDA:84,13,6,0
BRDA:84,13,7,1
BRDA:84,13,8,0
BRDA:114,14,0,2
BRDA:114,14,1,0
BRDA:122,15,0,1
BRDA:122,15,1,0
BRDA:124,16,0,0
BRDA:124,16,1,1
BRDA:129,17,0,1
BRDA:129,17,1,50
BRDA:129,18,0,51
BRDA:129,18,1,1
BRDA:131,19,0,50
BRDA:131,19,1,0
BRDA:135,20,0,0
BRDA:135,20,1,50
BRDA:153,21,0,124
BRDA:153,21,1,2
BRDA:154,22,0,124
BRDA:154,22,1,2
BRDA:156,23,0,2
BRDA:156,23,1,0
BRDA:159,24,0,126
BRDA:159,24,1,126
BRDA:161,25,0,0
BRDA:161,25,1,126
BRDA:161,26,0,126
BRDA:161,26,1,0
BRDA:171,27,0,1
BRDA:171,27,1,125
BRDA:178,28,0,16
BRDA:178,28,1,0
BRDA:180,29,0,0
BRDA:180,29,1,16
BRDA:194,30,0,16
BRDA:194,30,1,0
BRDA:196,31,0,16
BRDA:196,31,1,0
BRDA:205,32,0,1
BRDA:205,32,1,0
BRDA:206,33,0,0
BRDA:206,33,1,1
BRDA:210,34,0,0
BRDA:210,34,1,1
BRDA:210,35,0,0
BRDA:210,35,1,0
BRDA:212,36,0,0
BRDA:212,36,1,1
BRDA:213,37,0,1
BRDA:213,37,1,0
BRDA:213,37,2,0
BRDA:214,38,0,1
BRDA:214,38,1,0
BRDA:214,38,2,0
BRDA:215,39,0,1
BRDA:215,39,1,0
BRDA:215,39,2,0
BRDA:216,40,0,1
BRDA:216,40,1,0
BRDA:216,40,2,0
BRDA:231,41,0,1
BRDA:231,41,1,0
BRDA:233,42,0,1
BRDA:233,42,1,0
BRDA:234,43,0,1
BRDA:234,43,1,0
BRDA:243,44,0,1
BRDA:243,44,1,0
BRDA:246,45,0,1
BRDA:246,45,1,0
BRDA:246,46,0,1
BRDA:246,46,1,1
BRDA:283,47,0,1
BRDA:283,47,1,0
BRDA:284,48,0,1
BRDA:284,48,1,0
BRDA:284,48,2,0
BRDA:288,49,0,1
BRDA:288,49,1,0
BRDA:289,50,0,1
BRDA:289,50,1,0
BRDA:290,51,0,1
BRDA:290,51,1,0
BRDA:291,52,0,1
BRDA:291,52,1,0
BRDA:292,53,0,1
BRDA:292,53,1,0
BRF:120
BRH:72
end_of_record
TN:
SF:src/widgets/canvas-workspace/lib/geometry.ts
FN:18,clamp
FN:22,clampZoom
FN:26,normalizeZoom
FN:32,nextWheelZoom
FN:41,sameFrame
FN:45,borderInsetFor
FN:52,lineStrokeWidthFor
FN:59,visualRectForNode
FN:67,lineEndpointsForRect
FN:77,(anonymous_9)
FN:91,clampPointToContent
FN:98,lineFrameFromEndpoints
FNF:12
FNH:12
FNDA:9,clamp
FNDA:16,clampZoom
FNDA:11,normalizeZoom
FNDA:6,nextWheelZoom
FNDA:3,sameFrame
FNDA:6,borderInsetFor
FNDA:9,lineStrokeWidthFor
FNDA:13,visualRectForNode
FNDA:3,lineEndpointsForRect
FNDA:6,(anonymous_9)
FNDA:3,clampPointToContent
FNDA:3,lineFrameFromEndpoints
DA:3,5
DA:4,5
DA:5,5
DA:6,5
DA:7,5
DA:8,5
DA:19,9
DA:23,16
DA:27,11
DA:28,11
DA:29,8
DA:33,6
DA:34,2
DA:36,4
DA:37,4
DA:38,3
DA:42,3
DA:48,6
DA:49,2
DA:55,9
DA:56,9
DA:63,13
DA:64,1
DA:71,3
DA:72,3
DA:73,3
DA:74,3
DA:75,3
DA:76,3
DA:77,3
DA:78,6
DA:79,3
DA:92,3
DA:104,3
DA:105,3
DA:106,3
DA:107,3
DA:108,3
DA:109,3
DA:110,3
DA:111,3
DA:112,3
LF:42
LH:42
BRDA:28,0,0,3
BRDA:28,0,1,8
BRDA:33,1,0,2
BRDA:33,1,1,4
BRDA:37,2,0,1
BRDA:37,2,1,3
BRDA:37,3,0,4
BRDA:37,3,1,2
BRDA:42,4,0,3
BRDA:42,4,1,2
BRDA:42,4,2,2
BRDA:42,4,3,2
BRDA:48,5,0,4
BRDA:48,5,1,2
BRDA:49,6,0,2
BRDA:49,6,1,1
BRDA:55,7,0,9
BRDA:55,7,1,5
BRDA:56,8,0,9
BRDA:56,8,1,5
BRDA:56,8,2,4
BRDA:63,9,0,12
BRDA:63,9,1,1
BRDA:71,10,0,3
BRDA:71,10,1,0
BRDA:78,11,0,6
BRDA:78,11,1,2
BRDA:81,12,0,3
BRDA:81,12,1,1
BRDA:85,13,0,3
BRDA:85,13,1,1
BRF:31
BRH:30
end_of_record
TN:
SF:src/widgets/canvas-workspace/lib/layoutNodeOps.ts
FN:3,findLayoutNode
FN:13,findParentLayoutNode
FNF:2
FNH:2
FNDA:29,findLayoutNode
FNDA:20,findParentLayoutNode
DA:4,29
DA:5,28
DA:6,17
DA:7,16
DA:8,16
DA:10,5
DA:17,20
DA:18,19
DA:19,17
DA:20,7
DA:21,7
DA:23,8
LF:12
LH:12
BRDA:4,0,0,1
BRDA:4,0,1,28
BRDA:5,1,0,11
BRDA:5,1,1,17
BRDA:8,2,0,12
BRDA:8,2,1,4
BRDA:17,3,0,1
BRDA:17,3,1,19
BRDA:19,4,0,10
BRDA:19,4,1,7
BRDA:21,5,0,1
BRDA:21,5,1,6
BRF:12
BRH:12
end_of_record
TN:
SF:src/widgets/export-panel/ExportPanel.tsx
FN:17,ExportPanel
FN:18,(anonymous_1)
FN:19,(anonymous_2)
FN:20,(anonymous_3)
FN:24,(anonymous_4)
FN:48,(anonymous_5)
FN:56,(anonymous_6)
FN:85,(anonymous_7)
FN:89,(anonymous_8)
FNF:9
FNH:9
FNDA:30,ExportPanel
FNDA:54,(anonymous_1)
FNDA:54,(anonymous_2)
FNDA:54,(anonymous_3)
FNDA:27,(anonymous_4)
FNDA:1,(anonymous_5)
FNDA:1,(anonymous_6)
FNDA:2,(anonymous_7)
FNDA:2,(anonymous_8)
DA:15,4
DA:18,54
DA:19,54
DA:20,54
DA:22,30
DA:24,30
DA:26,30
DA:48,1
DA:57,1
DA:58,1
DA:59,1
DA:60,1
DA:61,1
DA:62,1
DA:63,1
DA:85,2
DA:89,2
LF:17
LH:17
BRF:0
BRH:0
end_of_record
TN:
SF:src/widgets/properties-panel/PropertiesPanel.tsx
FN:14,PropertiesPanel
FN:15,(anonymous_1)
FN:16,(anonymous_2)
FN:17,(anonymous_3)
FN:18,(anonymous_4)
FN:19,(anonymous_5)
FN:20,(anonymous_6)
FN:21,(anonymous_7)
FN:22,(anonymous_8)
FN:58,(anonymous_9)
FN:59,(anonymous_10)
FN:66,(anonymous_11)
FN:67,(anonymous_12)
FN:71,(anonymous_13)
FNF:14
FNH:9
FNDA:40,PropertiesPanel
FNDA:71,(anonymous_1)
FNDA:71,(anonymous_2)
FNDA:71,(anonymous_3)
FNDA:71,(anonymous_4)
FNDA:71,(anonymous_5)
FNDA:71,(anonymous_6)
FNDA:71,(anonymous_7)
FNDA:71,(anonymous_8)
FNDA:0,(anonymous_9)
FNDA:0,(anonymous_10)
FNDA:0,(anonymous_11)
FNDA:0,(anonymous_12)
FNDA:0,(anonymous_13)
DA:15,71
DA:16,71
DA:17,71
DA:18,71
DA:19,71
DA:20,71
DA:21,71
DA:22,71
DA:24,40
DA:25,16
DA:33,23
DA:34,23
DA:36,23
DA:58,0
DA:59,0
DA:66,0
DA:67,0
DA:71,0
LF:18
LH:13
BRDA:24,0,0,16
BRDA:24,0,1,24
BRDA:34,1,0,0
BRDA:34,1,1,23
BRDA:42,2,0,23
BRDA:42,2,1,0
BRDA:45,3,0,0
BRDA:45,3,1,23
BRDA:50,4,0,1
BRDA:50,4,1,22
BRDA:54,5,0,40
BRDA:54,5,1,17
BRDA:62,6,0,40
BRDA:62,6,1,3
BRDA:70,7,0,40
BRDA:70,7,1,1
BRDA:74,8,0,40
BRDA:74,8,1,23
BRDA:74,8,2,1
BRDA:78,9,0,5
BRDA:78,9,1,18
BRDA:78,10,0,40
BRDA:78,10,1,22
BRF:23
BRH:20
end_of_record
TN:
SF:src/widgets/properties-panel/groups/ButtonGroup.tsx
FN:7,ButtonGroup
FN:33,(anonymous_1)
FN:42,(anonymous_2)
FNF:3
FNH:2
FNDA:5,ButtonGroup
FNDA:1,(anonymous_1)
FNDA:0,(anonymous_2)
DA:18,5
DA:19,5
DA:20,5
DA:21,5
DA:22,5
DA:23,5
DA:33,1
DA:42,0
LF:8
LH:7
BRDA:18,0,0,5
BRDA:18,0,1,0
BRDA:19,1,0,5
BRDA:19,1,1,0
BRDA:19,1,2,0
BRDA:20,2,0,5
BRDA:20,2,1,0
BRDA:20,2,2,0
BRDA:21,3,0,5
BRDA:21,3,1,0
BRDA:21,3,2,0
BRDA:22,4,0,5
BRDA:22,4,1,0
BRDA:22,4,2,0
BRDA:32,5,0,5
BRDA:32,5,1,0
BRDA:45,6,0,5
BRDA:45,6,1,0
BRDA:46,7,0,5
BRDA:46,7,1,0
BRF:20
BRH:8
end_of_record
TN:
SF:src/widgets/properties-panel/groups/FrameGroup.tsx
FN:7,FrameGroup
FN:24,(anonymous_1)
FN:25,(anonymous_2)
FN:30,(anonymous_3)
FN:36,(anonymous_4)
FN:43,TransformField
FNF:6
FNH:3
FNDA:27,FrameGroup
FNDA:2,(anonymous_1)
FNDA:0,(anonymous_2)
FNDA:0,(anonymous_3)
FNDA:0,(anonymous_4)
FNDA:108,TransformField
DA:16,27
DA:17,27
DA:20,27
DA:24,2
DA:25,0
DA:30,0
DA:36,0
DA:54,108
LF:8
LH:5
BRDA:16,0,0,27
BRDA:16,0,1,26
BRDA:16,0,2,0
BRDA:17,1,0,2
BRDA:17,1,1,25
BRDA:18,2,0,2
BRDA:18,2,1,0
BRF:7
BRH:5
end_of_record
TN:
SF:src/widgets/properties-panel/groups/IconGroup.tsx
FN:9,IconGroup
FN:19,(anonymous_1)
FN:21,(anonymous_2)
FN:21,(anonymous_3)
FN:25,(anonymous_4)
FN:28,(anonymous_5)
FN:32,(anonymous_6)
FN:34,(anonymous_7)
FN:38,(anonymous_8)
FN:42,(anonymous_9)
FN:43,(anonymous_10)
FN:59,(anonymous_11)
FN:64,(anonymous_12)
FN:69,(anonymous_13)
FN:71,(anonymous_14)
FN:78,(anonymous_15)
FN:84,(anonymous_16)
FNF:17
FNH:17
FNDA:12,IconGroup
FNDA:5,(anonymous_1)
FNDA:37,(anonymous_2)
FNDA:1184,(anonymous_3)
FNDA:5,(anonymous_4)
FNDA:32,(anonymous_5)
FNDA:1072,(anonymous_6)
FNDA:32,(anonymous_7)
FNDA:5,(anonymous_8)
FNDA:5,(anonymous_9)
FNDA:5,(anonymous_10)
FNDA:1,(anonymous_11)
FNDA:31,(anonymous_12)
FNDA:2,(anonymous_13)
FNDA:2,(anonymous_14)
FNDA:811,(anonymous_15)
FNDA:1,(anonymous_16)
DA:16,12
DA:17,12
DA:18,12
DA:19,12
DA:21,1184
DA:25,12
DA:27,5
DA:30,32
DA:32,1072
DA:34,32
DA:38,12
DA:42,12
DA:43,5
DA:49,12
DA:59,1
DA:65,31
DA:70,2
DA:71,2
DA:72,2
DA:79,811
DA:80,811
DA:84,1
LF:22
LH:22
BRDA:16,0,0,12
BRDA:16,0,1,0
BRDA:17,1,0,12
BRDA:17,1,1,0
BRDA:21,2,0,5
BRDA:21,2,1,2
BRDA:27,3,0,4
BRDA:27,3,1,1
BRDA:63,4,0,10
BRDA:63,4,1,2
BRDA:68,5,0,31
BRDA:68,5,1,21
BRDA:72,6,0,2
BRDA:72,6,1,0
BRDA:86,7,0,811
BRDA:86,7,1,7
BRF:16
BRH:13
end_of_record
TN:
SF:src/widgets/properties-panel/groups/LabelGroup.tsx
FN:7,LabelGroup
FN:29,(anonymous_1)
FN:38,(anonymous_2)
FN:41,(anonymous_3)
FNF:4
FNH:2
FNDA:19,LabelGroup
FNDA:1,(anonymous_1)
FNDA:0,(anonymous_2)
FNDA:0,(anonymous_3)
DA:18,19
DA:19,19
DA:29,1
DA:38,0
DA:41,0
LF:5
LH:3
BRDA:18,0,0,19
BRDA:18,0,1,0
BRDA:28,1,0,19
BRDA:28,1,1,0
BRDA:40,2,0,19
BRDA:40,2,1,0
BRF:6
BRH:3
end_of_record
TN:
SF:src/widgets/properties-panel/groups/LayoutGroup.tsx
FN:9,LayoutGroup
FN:31,(anonymous_1)
FN:39,(anonymous_2)
FN:45,(anonymous_3)
FN:53,(anonymous_4)
FN:57,(anonymous_5)
FNF:6
FNH:6
FNDA:5,LayoutGroup
FNDA:1,(anonymous_1)
FNDA:1,(anonymous_2)
FNDA:1,(anonymous_3)
FNDA:20,(anonymous_4)
FNDA:1,(anonymous_5)
DA:16,5
DA:17,5
DA:31,1
DA:39,1
DA:45,1
DA:53,20
DA:58,1
LF:7
LH:7
BRDA:16,0,0,5
BRDA:16,0,1,0
BRDA:37,1,0,5
BRDA:37,1,1,2
BRDA:43,2,0,5
BRDA:43,2,1,2
BRDA:52,3,0,5
BRDA:52,3,1,3
BRF:8
BRH:7
end_of_record
TN:
SF:src/widgets/properties-panel/groups/SelectedGroup.tsx
FN:6,SelectedGroup
FN:28,(anonymous_1)
FN:35,(anonymous_2)
FNF:3
FNH:3
FNDA:27,SelectedGroup
FNDA:9,(anonymous_1)
FNDA:2,(anonymous_2)
DA:13,27
DA:28,9
DA:35,2
LF:3
LH:3
BRDA:26,0,0,27
BRDA:26,0,1,18
BRDA:28,1,0,9
BRDA:28,1,1,1
BRF:4
BRH:4
end_of_record
TN:
SF:src/widgets/properties-panel/groups/StyleGroup.tsx
FN:9,StyleGroup
FN:42,(anonymous_1)
FN:58,(anonymous_2)
FN:64,(anonymous_3)
FN:78,(anonymous_4)
FN:90,(anonymous_5)
FN:98,(anonymous_6)
FN:112,(anonymous_7)
FN:118,(anonymous_8)
FN:129,(anonymous_9)
FNF:10
FNH:4
FNDA:13,StyleGroup
FNDA:0,(anonymous_1)
FNDA:0,(anonymous_2)
FNDA:1,(anonymous_3)
FNDA:1,(anonymous_4)
FNDA:0,(anonymous_5)
FNDA:1,(anonymous_6)
FNDA:0,(anonymous_7)
FNDA:0,(anonymous_8)
FNDA:0,(anonymous_9)
DA:18,13
DA:19,13
DA:20,13
DA:21,13
DA:22,13
DA:23,13
DA:24,13
DA:25,13
DA:27,13
DA:33,13
DA:34,2
DA:42,0
DA:49,11
DA:50,3
DA:58,0
DA:64,1
DA:71,8
DA:79,1
DA:90,0
DA:99,1
DA:112,0
DA:118,0
DA:129,0
LF:23
LH:17
BRDA:18,0,0,13
BRDA:18,0,1,0
BRDA:19,1,0,5
BRDA:19,1,1,8
BRDA:20,2,0,13
BRDA:20,2,1,13
BRDA:22,3,0,13
BRDA:22,3,1,10
BRDA:27,4,0,13
BRDA:27,4,1,13
BRDA:27,4,2,10
BRDA:27,4,3,10
BRDA:27,4,4,5
BRDA:33,5,0,2
BRDA:33,5,1,11
BRDA:49,6,0,3
BRDA:49,6,1,8
BRDA:62,7,0,3
BRDA:62,7,1,0
BRDA:74,8,0,8
BRDA:74,8,1,0
BRDA:81,9,0,0
BRDA:81,9,1,1
BRDA:85,10,0,8
BRDA:85,10,1,0
BRDA:101,11,0,1
BRDA:101,11,1,0
BRDA:102,12,0,1
BRDA:102,12,1,0
BRDA:102,13,0,1
BRDA:102,13,1,1
BRDA:106,14,0,0
BRDA:106,14,1,8
BRDA:116,15,0,0
BRDA:116,15,1,0
BRDA:123,16,0,0
BRDA:123,16,1,8
BRF:37
BRH:26
end_of_record
TN:
SF:src/widgets/properties-panel/ui/ColorField.tsx
FN:9,ColorField
FN:34,(anonymous_1)
FN:46,(anonymous_2)
FN:54,(anonymous_3)
FN:59,(anonymous_4)
FN:67,HexColorInput
FN:78,(anonymous_6)
FN:83,(anonymous_7)
FN:84,(anonymous_8)
FN:91,(anonymous_9)
FN:99,(anonymous_10)
FN:105,(anonymous_11)
FN:116,(anonymous_12)
FNF:13
FNH:8
FNDA:48,ColorField
FNDA:2,(anonymous_1)
FNDA:0,(anonymous_2)
FNDA:4,(anonymous_3)
FNDA:1,(anonymous_4)
FNDA:50,HexColorInput
FNDA:36,(anonymous_6)
FNDA:36,(anonymous_7)
FNDA:36,(anonymous_8)
FNDA:0,(anonymous_9)
FNDA:0,(anonymous_10)
FNDA:0,(anonymous_11)
FNDA:0,(anonymous_12)
DA:20,48
DA:21,48
DA:22,48
DA:35,2
DA:36,2
DA:37,1
DA:46,0
DA:54,4
DA:59,1
DA:74,50
DA:75,50
DA:76,50
DA:78,50
DA:79,36
DA:80,36
DA:83,50
DA:84,36
DA:85,36
DA:86,0
DA:91,50
DA:92,0
DA:93,0
DA:94,0
DA:96,0
DA:99,50
DA:100,0
DA:101,0
DA:102,0
DA:104,0
DA:105,0
DA:106,0
DA:107,0
DA:111,50
DA:116,0
LF:34
LH:20
BRDA:20,0,0,48
BRDA:20,0,1,5
BRDA:26,1,0,48
BRDA:26,1,1,2
BRDA:36,2,0,1
BRDA:36,2,1,1
BRDA:39,3,0,1
BRDA:39,3,1,0
BRDA:43,4,0,46
BRDA:43,4,1,2
BRDA:45,5,0,46
BRDA:45,5,1,0
BRDA:50,6,0,2
BRDA:50,6,1,46
BRDA:53,7,0,2
BRDA:53,7,1,0
BRDA:54,8,0,2
BRDA:54,8,1,0
BRDA:85,9,0,0
BRDA:85,9,1,36
BRDA:92,10,0,0
BRDA:92,10,1,0
BRDA:104,11,0,0
BRDA:104,11,1,0
BRF:24
BRH:15
end_of_record
TN:
SF:src/widgets/properties-panel/ui/InspectorCard.tsx
FN:7,InspectorCard
FN:35,(anonymous_1)
FNF:2
FNH:2
FNDA:90,InspectorCard
FNDA:4,(anonymous_1)
DA:21,90
DA:27,90
DA:35,4
LF:3
LH:3
BRDA:23,0,0,1
BRDA:23,0,1,89
BRDA:29,1,0,40
BRDA:29,1,1,50
BRF:4
BRH:4
end_of_record
TN:
SF:src/widgets/properties-panel/ui/NumberField.tsx
FN:5,NumberField
FNF:1
FNH:1
FNDA:44,NumberField
DA:18,44
LF:1
LH:1
BRF:0
BRH:0
end_of_record
TN:
SF:src/widgets/properties-panel/ui/TypographyCard.tsx
FN:49,TypographyCard
FN:77,(anonymous_1)
FN:82,(anonymous_2)
FN:89,(anonymous_3)
FN:95,(anonymous_4)
FN:101,(anonymous_5)
FN:107,(anonymous_6)
FN:118,(anonymous_7)
FN:125,(anonymous_8)
FN:137,(anonymous_9)
FN:147,FontFields
FN:156,(anonymous_11)
FN:160,(anonymous_12)
FN:175,(anonymous_13)
FN:176,(anonymous_14)
FN:177,(anonymous_15)
FN:190,(anonymous_16)
FN:204,(anonymous_17)
FN:205,(anonymous_18)
FN:220,(anonymous_19)
FN:221,(anonymous_20)
FN:222,(anonymous_21)
FN:234,(anonymous_22)
FN:247,(anonymous_23)
FN:248,(anonymous_24)
FN:255,StyleIconGroup
FN:276,(anonymous_26)
FN:284,(anonymous_27)
FN:308,AlignIconGroup
FN:323,(anonymous_29)
FN:326,(anonymous_30)
FN:329,(anonymous_31)
FN:337,VerticalAlignIconGroup
FN:348,(anonymous_33)
FN:351,(anonymous_34)
FN:354,(anonymous_35)
FN:362,IconButtonGroup
FN:370,IconToggleButton
FN:398,styleFromFlags
FNF:39
FNH:17
FNDA:30,TypographyCard
FNDA:0,(anonymous_1)
FNDA:0,(anonymous_2)
FNDA:1,(anonymous_3)
FNDA:0,(anonymous_4)
FNDA:0,(anonymous_5)
FNDA:0,(anonymous_6)
FNDA:0,(anonymous_7)
FNDA:1,(anonymous_8)
FNDA:0,(anonymous_9)
FNDA:30,FontFields
FNDA:21,(anonymous_11)
FNDA:30,(anonymous_12)
FNDA:270,(anonymous_13)
FNDA:0,(anonymous_14)
FNDA:0,(anonymous_15)
FNDA:0,(anonymous_16)
FNDA:240,(anonymous_17)
FNDA:1,(anonymous_18)
FNDA:0,(anonymous_19)
FNDA:0,(anonymous_20)
FNDA:0,(anonymous_21)
FNDA:0,(anonymous_22)
FNDA:0,(anonymous_23)
FNDA:0,(anonymous_24)
FNDA:30,StyleIconGroup
FNDA:0,(anonymous_26)
FNDA:0,(anonymous_27)
FNDA:29,AlignIconGroup
FNDA:0,(anonymous_29)
FNDA:1,(anonymous_30)
FNDA:1,(anonymous_31)
FNDA:7,VerticalAlignIconGroup
FNDA:0,(anonymous_33)
FNDA:0,(anonymous_34)
FNDA:0,(anonymous_35)
FNDA:66,IconButtonGroup
FNDA:168,IconToggleButton
FNDA:60,styleFromFlags
DA:61,30
DA:62,30
DA:63,30
DA:65,30
DA:77,0
DA:82,0
DA:89,1
DA:95,0
DA:101,0
DA:107,0
DA:118,0
DA:126,1
DA:137,0
DA:156,30
DA:157,30
DA:158,30
DA:159,30
DA:160,30
DA:161,30
DA:162,30
DA:165,30
DA:167,30
DA:168,30
DA:175,270
DA:177,0
DA:178,0
DA:181,0
DA:182,0
DA:191,0
DA:192,0
DA:195,0
DA:204,240
DA:205,1
DA:213,0
DA:220,0
DA:222,0
DA:223,0
DA:226,0
DA:227,0
DA:235,0
DA:236,0
DA:239,0
DA:247,0
DA:248,0
DA:266,30
DA:267,30
DA:268,30
DA:269,30
DA:271,30
DA:276,0
DA:284,0
DA:291,30
DA:292,30
DA:300,0
DA:319,29
DA:323,0
DA:326,1
DA:329,1
DA:344,7
DA:348,0
DA:351,0
DA:354,0
DA:363,66
DA:383,168
DA:399,60
DA:400,60
DA:401,30
DA:402,0
LF:68
LH:35
BRDA:54,0,0,30
BRDA:61,1,0,30
BRDA:61,1,1,0
BRDA:62,2,0,30
BRDA:62,2,1,30
BRDA:63,3,0,7
BRDA:63,3,1,23
BRDA:69,4,0,22
BRDA:69,4,1,8
BRDA:69,5,0,30
BRDA:69,5,1,22
BRDA:72,6,0,7
BRDA:72,6,1,23
BRDA:121,7,0,23
BRDA:121,7,1,7
BRDA:128,8,0,1
BRDA:128,8,1,0
BRDA:132,9,0,0
BRDA:132,9,1,23
BRDA:150,10,0,30
BRDA:158,11,0,30
BRDA:158,11,1,0
BRDA:159,12,0,30
BRDA:159,12,1,0
BRDA:160,13,0,30
BRDA:160,13,1,0
BRDA:161,14,0,30
BRDA:161,14,1,0
BRDA:162,15,0,30
BRDA:162,15,1,0
BRDA:165,16,0,30
BRDA:165,16,1,0
BRDA:167,17,0,30
BRDA:167,17,1,0
BRDA:178,18,0,0
BRDA:178,18,1,0
BRDA:180,19,0,0
BRDA:180,19,1,0
BRDA:181,20,0,0
BRDA:181,20,1,0
BRDA:192,21,0,0
BRDA:192,21,1,0
BRDA:194,22,0,0
BRDA:194,22,1,0
BRDA:223,23,0,0
BRDA:223,23,1,0
BRDA:225,24,0,0
BRDA:225,24,1,0
BRDA:226,25,0,0
BRDA:226,25,1,0
BRDA:236,26,0,0
BRDA:236,26,1,0
BRDA:238,27,0,0
BRDA:238,27,1,0
BRDA:259,28,0,30
BRDA:266,29,0,30
BRDA:266,29,1,30
BRDA:267,30,0,30
BRDA:267,30,1,30
BRDA:291,31,0,30
BRDA:291,31,1,0
BRDA:309,32,0,29
BRDA:312,33,0,29
BRDA:320,34,0,29
BRDA:320,34,1,29
BRDA:386,35,0,168
BRDA:386,35,1,36
BRDA:399,36,0,0
BRDA:399,36,1,60
BRDA:399,37,0,60
BRDA:399,37,1,30
BRDA:400,38,0,30
BRDA:400,38,1,30
BRDA:401,39,0,30
BRDA:401,39,1,0
BRF:75
BRH:42
end_of_record
TN:
SF:src/widgets/tree-panel/TreePanel.tsx
FN:16,TreePanel
FN:17,(anonymous_1)
FN:18,(anonymous_2)
FN:19,(anonymous_3)
FN:20,(anonymous_4)
FN:21,(anonymous_5)
FN:22,(anonymous_6)
FN:23,(anonymous_7)
FN:24,(anonymous_8)
FN:28,(anonymous_9)
FN:35,(anonymous_10)
FN:51,(anonymous_11)
FN:66,(anonymous_12)
FN:76,(anonymous_13)
FN:77,(anonymous_14)
FN:84,(anonymous_15)
FN:91,(anonymous_16)
FN:98,(anonymous_17)
FN:114,(anonymous_18)
FN:118,(anonymous_19)
FN:122,(anonymous_20)
FN:137,TreeNode
FN:183,(anonymous_22)
FN:184,(anonymous_23)
FN:191,(anonymous_24)
FN:204,(anonymous_25)
FN:215,(anonymous_26)
FN:235,containsNode
FN:237,(anonymous_28)
FNF:29
FNH:20
FNDA:43,TreePanel
FNDA:59,(anonymous_1)
FNDA:59,(anonymous_2)
FNDA:59,(anonymous_3)
FNDA:59,(anonymous_4)
FNDA:59,(anonymous_5)
FNDA:59,(anonymous_6)
FNDA:59,(anonymous_7)
FNDA:59,(anonymous_8)
FNDA:42,(anonymous_9)
FNDA:0,(anonymous_10)
FNDA:0,(anonymous_11)
FNDA:0,(anonymous_12)
FNDA:252,(anonymous_13)
FNDA:2,(anonymous_14)
FNDA:1,(anonymous_15)
FNDA:0,(anonymous_16)
FNDA:1,(anonymous_17)
FNDA:2,(anonymous_18)
FNDA:1,(anonymous_19)
FNDA:0,(anonymous_20)
FNDA:68,TreeNode
FNDA:1,(anonymous_22)
FNDA:2,(anonymous_23)
FNDA:0,(anonymous_24)
FNDA:0,(anonymous_25)
FNDA:27,(anonymous_26)
FNDA:0,containsNode
FNDA:0,(anonymous_28)
DA:12,4
DA:17,59
DA:18,59
DA:19,59
DA:20,59
DA:21,59
DA:22,59
DA:23,59
DA:24,59
DA:25,43
DA:26,43
DA:28,43
DA:29,43
DA:31,43
DA:35,43
DA:36,0
DA:37,0
DA:39,0
DA:40,0
DA:41,0
DA:43,0
DA:44,0
DA:47,0
DA:48,0
DA:51,43
DA:52,0
DA:53,0
DA:54,0
DA:55,0
DA:57,0
DA:58,0
DA:59,0
DA:60,0
DA:61,0
DA:64,0
DA:65,0
DA:66,0
DA:67,0
DA:68,0
DA:69,0
DA:72,43
DA:77,252
DA:84,1
DA:91,0
DA:98,1
DA:115,2
DA:116,2
DA:119,1
DA:120,1
DA:123,0
DA:124,0
DA:125,0
DA:126,0
DA:162,68
DA:163,68
DA:165,68
DA:172,68
DA:183,1
DA:185,2
DA:186,2
DA:187,2
DA:188,2
DA:192,0
DA:193,0
DA:195,0
DA:202,0
DA:205,0
DA:206,0
DA:207,0
DA:208,0
DA:216,27
DA:236,0
DA:237,0
LF:73
LH:34
BRDA:29,0,0,17
BRDA:29,0,1,25
BRDA:31,1,0,3
BRDA:31,1,1,39
BRDA:31,2,0,43
BRDA:31,2,1,41
BRDA:36,3,0,0
BRDA:36,3,1,0
BRDA:36,4,0,0
BRDA:36,4,1,0
BRDA:36,4,2,0
BRDA:41,5,0,0
BRDA:41,5,1,0
BRDA:41,6,0,0
BRDA:41,6,1,0
BRDA:41,6,2,0
BRDA:43,7,0,0
BRDA:43,7,1,0
BRDA:44,8,0,0
BRDA:44,8,1,0
BRDA:48,9,0,0
BRDA:48,9,1,0
BRDA:55,10,0,0
BRDA:55,10,1,0
BRDA:55,11,0,0
BRDA:55,11,1,0
BRDA:57,12,0,0
BRDA:57,12,1,0
BRDA:59,13,0,0
BRDA:59,13,1,0
BRDA:65,14,0,0
BRDA:65,14,1,0
BRDA:67,15,0,0
BRDA:67,15,1,0
BRDA:68,16,0,0
BRDA:68,16,1,0
BRDA:84,17,0,1
BRDA:84,17,1,1
BRDA:91,18,0,0
BRDA:91,18,1,0
BRDA:97,19,0,43
BRDA:97,19,1,17
BRDA:98,20,0,1
BRDA:98,20,1,1
BRDA:105,21,0,41
BRDA:105,21,1,1
BRDA:123,22,0,0
BRDA:123,22,1,0
BRDA:165,23,0,0
BRDA:165,23,1,68
BRDA:166,24,0,0
BRDA:166,24,1,0
BRDA:168,25,0,0
BRDA:168,25,1,0
BRDA:177,26,0,68
BRDA:177,26,1,17
BRDA:178,27,0,68
BRDA:178,27,1,2
BRDA:185,28,0,0
BRDA:185,28,1,2
BRDA:195,29,0,0
BRDA:195,29,1,0
BRDA:197,30,0,0
BRDA:197,30,1,0
BRDA:197,31,0,0
BRDA:197,31,1,0
BRDA:197,31,2,0
BRDA:199,32,0,0
BRDA:199,32,1,0
BRDA:205,33,0,0
BRDA:205,33,1,0
BRDA:205,34,0,0
BRDA:205,34,1,0
BRDA:205,34,2,0
BRDA:212,35,0,68
BRDA:212,35,1,27
BRDA:215,36,0,68
BRDA:215,36,1,20
BRDA:236,37,0,0
BRDA:236,37,1,0
BRDA:237,38,0,0
BRDA:237,38,1,0
BRF:82
BRH:24
end_of_record
